15:41:14.137 [main] INFO  e.h.j.direct.SAXVSMDirectSampler - processing paramleters: [data/arrowhead/arrowhead_train, data/arrowhead/arrowhead_test, 10, 300, 10, 80, 2, 16, 3, 20]
15:41:14.181 [main] INFO  e.h.j.direct.SAXVSMDirectSampler - trainData classes: 3, series length: 475
15:41:14.181 [main] INFO  e.h.j.direct.SAXVSMDirectSampler -  training class: 0 series: 12
15:41:14.181 [main] INFO  e.h.j.direct.SAXVSMDirectSampler -  training class: 1 series: 12
15:41:14.182 [main] INFO  e.h.j.direct.SAXVSMDirectSampler -  training class: 2 series: 12
15:41:14.261 [main] INFO  e.h.j.direct.SAXVSMDirectSampler - testData classes: 3, series length: 518
15:41:14.261 [main] INFO  e.h.j.direct.SAXVSMDirectSampler -  test class: 0 series: 69
15:41:14.261 [main] INFO  e.h.j.direct.SAXVSMDirectSampler -  test class: 1 series: 53
15:41:14.261 [main] INFO  e.h.j.direct.SAXVSMDirectSampler -  test class: 2 series: 53
15:41:14.262 [main] INFO  e.h.j.direct.SAXVSMDirectSampler - running sampling for CLASSIC strategy...
15:41:15.066 [main] INFO  e.h.j.direct.SAXVSMDirectSampler - iteration: 0, minimal value 0.6388888888888888 at 155, 45, 9
15:41:15.933 [main] INFO  e.h.j.direct.SAXVSMDirectSampler - @0.7777777777777778    251.66666666666666  45.0    9.0
15:41:16.315 [main] INFO  e.h.j.direct.SAXVSMDirectSampler - @0.5   58.333333333333336  45.0    9.0
15:41:17.333 [main] INFO  e.h.j.direct.SAXVSMDirectSampler - @0.6944444444444444    155.0   68.33333333333333   9.0
15:41:17.680 [main] INFO  e.h.j.direct.SAXVSMDirectSampler - @0.5277777777777778    155.0   21.666666666666668  9.0
15:41:18.375 [main] INFO  e.h.j.direct.SAXVSMDirectSampler - @0.6944444444444444    155.0   45.0    13.666666666666666
15:41:19.037 [main] INFO  e.h.j.direct.SAXVSMDirectSampler - @0.4722222222222222    155.0   45.0    4.333333333333334
15:41:19.038 [main] INFO  e.h.j.direct.SAXVSMDirectSampler - iteration: 1, minimal value 0.4722222222222222 at 155, 45, 4
15:41:19.833 [main] INFO  e.h.j.direct.SAXVSMDirectSampler - @0.6666666666666666    251.66666666666666  45.0    4.333333333333334
15:41:20.167 [main] INFO  e.h.j.direct.SAXVSMDirectSampler - @0.5   58.333333333333336  45.0    4.333333333333334
15:41:21.191 [main] INFO  e.h.j.direct.SAXVSMDirectSampler - @0.6111111111111112    155.0   68.33333333333333   4.333333333333334
15:41:21.545 [main] INFO  e.h.j.direct.SAXVSMDirectSampler - @0.2777777777777778    155.0   21.666666666666668  4.333333333333334
15:41:21.546 [main] INFO  e.h.j.direct.SAXVSMDirectSampler - iteration: 2, minimal value 0.2777777777777778 at 155, 22, 4
15:41:21.965 [main] INFO  e.h.j.direct.SAXVSMDirectSampler - @0.5   251.66666666666666  21.666666666666668  4.333333333333334
15:41:22.143 [main] INFO  e.h.j.direct.SAXVSMDirectSampler - @0.3055555555555556    58.333333333333336  21.666666666666668  4.333333333333334
15:41:23.001 [main] INFO  e.h.j.direct.SAXVSMDirectSampler - @0.7777777777777778    251.66666666666666  45.0    13.666666666666666
15:41:23.376 [main] INFO  e.h.j.direct.SAXVSMDirectSampler - @0.6388888888888888    58.333333333333336  45.0    13.666666666666666
15:41:24.412 [main] INFO  e.h.j.direct.SAXVSMDirectSampler - @0.6944444444444444    155.0   68.33333333333333   13.666666666666666
15:41:24.774 [main] INFO  e.h.j.direct.SAXVSMDirectSampler - @0.5555555555555556    155.0   21.666666666666668  13.666666666666666
15:41:24.775 [main] INFO  e.h.j.direct.SAXVSMDirectSampler - iteration: 3, minimal value 0.2777777777777778 at 155, 22, 4
15:41:25.153 [main] INFO  e.h.j.direct.SAXVSMDirectSampler - @0.3333333333333333    187.22222222222223  21.666666666666668  4.333333333333334
15:41:25.443 [main] INFO  e.h.j.direct.SAXVSMDirectSampler - @0.3333333333333333    122.77777777777779  21.666666666666668  4.333333333333334
15:41:25.878 [main] INFO  e.h.j.direct.SAXVSMDirectSampler - @0.3333333333333333    155.0   29.444444444444446  4.333333333333334
15:41:26.103 [main] INFO  e.h.j.direct.SAXVSMDirectSampler - @0.19444444444444445   155.0   13.888888888888891  4.333333333333334
15:41:26.442 [main] INFO  e.h.j.direct.SAXVSMDirectSampler - @0.4166666666666667    155.0   21.666666666666668  5.888888888888889
15:41:26.778 [main] INFO  e.h.j.direct.SAXVSMDirectSampler - @0.3055555555555556    155.0   21.666666666666668  2.777777777777778
15:41:26.779 [main] INFO  e.h.j.direct.SAXVSMDirectSampler - @1.0   58.333333333333336  68.33333333333333   9.0
15:41:26.969 [main] INFO  e.h.j.direct.SAXVSMDirectSampler - @0.6388888888888888    58.333333333333336  21.666666666666668  9.0
15:41:26.969 [main] INFO  e.h.j.direct.SAXVSMDirectSampler - iteration: 4, minimal value 0.19444444444444445 at 155, 14, 4
15:41:27.214 [main] INFO  e.h.j.direct.SAXVSMDirectSampler - @0.2777777777777778    187.22222222222223  13.888888888888891  4.333333333333334
15:41:27.407 [main] INFO  e.h.j.direct.SAXVSMDirectSampler - @0.2222222222222222    122.77777777777779  13.888888888888891  4.333333333333334
15:41:27.634 [main] INFO  e.h.j.direct.SAXVSMDirectSampler - @0.19444444444444445   155.0   13.888888888888891  5.888888888888889
15:41:27.856 [main] INFO  e.h.j.direct.SAXVSMDirectSampler - @0.25  155.0   13.888888888888891  2.777777777777778
15:41:28.280 [main] INFO  e.h.j.direct.SAXVSMDirectSampler - @0.6666666666666666    251.66666666666666  21.666666666666668  13.666666666666666
15:41:28.484 [main] INFO  e.h.j.direct.SAXVSMDirectSampler - @0.6111111111111112    58.333333333333336  21.666666666666668  13.666666666666666
15:41:28.485 [main] INFO  e.h.j.direct.SAXVSMDirectSampler - iteration: 5, minimal value 0.19444444444444445 at 155, 14, 4
15:41:28.733 [main] INFO  e.h.j.direct.SAXVSMDirectSampler - @0.25  187.22222222222223  13.888888888888891  5.888888888888889
15:41:28.934 [main] INFO  e.h.j.direct.SAXVSMDirectSampler - @0.19444444444444445   122.77777777777779  13.888888888888891  5.888888888888889
15:41:29.170 [main] INFO  e.h.j.direct.SAXVSMDirectSampler - @0.25  90.55555555555556   21.666666666666668  4.333333333333334
15:41:29.259 [main] INFO  e.h.j.direct.SAXVSMDirectSampler - @0.5555555555555556    26.111111111111118  21.666666666666668  4.333333333333334
15:41:29.306 [main] INFO  e.h.j.direct.SAXVSMDirectSampler - @0.4444444444444444    58.333333333333336  29.444444444444446  4.333333333333334
15:41:29.421 [main] INFO  e.h.j.direct.SAXVSMDirectSampler - @0.2222222222222222    58.333333333333336  13.888888888888891  4.333333333333334
15:41:29.602 [main] INFO  e.h.j.direct.SAXVSMDirectSampler - @0.4444444444444444    58.333333333333336  21.666666666666668  5.888888888888889
15:41:29.769 [main] INFO  e.h.j.direct.SAXVSMDirectSampler - @0.25  58.333333333333336  21.666666666666668  2.777777777777778
15:41:30.968 [main] INFO  e.h.j.direct.SAXVSMDirectSampler - @0.6666666666666666    251.66666666666666  68.33333333333333   4.333333333333334
15:41:30.968 [main] INFO  e.h.j.direct.SAXVSMDirectSampler - @1.0   58.333333333333336  68.33333333333333   4.333333333333334
15:41:30.969 [main] INFO  e.h.j.direct.SAXVSMDirectSampler - iteration: 6, minimal value 0.19444444444444445 at 155, 14, 4
15:41:31.197 [main] INFO  e.h.j.direct.SAXVSMDirectSampler - @0.2777777777777778    165.74074074074073  13.888888888888891  4.333333333333334
15:41:31.409 [main] INFO  e.h.j.direct.SAXVSMDirectSampler - @0.19444444444444445   144.25925925925927  13.888888888888891  4.333333333333334
15:41:31.656 [main] INFO  e.h.j.direct.SAXVSMDirectSampler - @0.25  155.0   16.48148148148148   4.333333333333334
15:41:31.833 [main] INFO  e.h.j.direct.SAXVSMDirectSampler - @0.25  155.0   11.296296296296298  4.333333333333334
15:41:32.055 [main] INFO  e.h.j.direct.SAXVSMDirectSampler - @0.19444444444444445   155.0   13.888888888888891  4.851851851851852
15:41:32.412 [main] INFO  e.h.j.direct.SAXVSMDirectSampler - @0.3333333333333333    187.22222222222223  13.888888888888891  2.777777777777778
15:41:32.767 [main] INFO  e.h.j.direct.SAXVSMDirectSampler - @0.2222222222222222    122.77777777777779  13.888888888888891  2.777777777777778
15:41:33.135 [main] INFO  e.h.j.direct.SAXVSMDirectSampler - @0.3055555555555556    90.55555555555556   21.666666666666668  5.888888888888889
15:41:33.372 [main] INFO  e.h.j.direct.SAXVSMDirectSampler - @0.19444444444444445   90.55555555555556   21.666666666666668  2.777777777777778
15:41:33.542 [main] INFO  e.h.j.direct.SAXVSMDirectSampler - @0.25  90.55555555555556   13.888888888888891  4.333333333333334
15:41:33.606 [main] INFO  e.h.j.direct.SAXVSMDirectSampler - @0.5   26.111111111111118  13.888888888888891  4.333333333333334
15:41:33.726 [main] INFO  e.h.j.direct.SAXVSMDirectSampler - @0.25  58.333333333333336  13.888888888888891  5.888888888888889
15:41:33.836 [main] INFO  e.h.j.direct.SAXVSMDirectSampler - @0.19444444444444445   58.333333333333336  13.888888888888891  2.777777777777778
15:41:35.103 [main] INFO  e.h.j.direct.SAXVSMDirectSampler - @0.8333333333333334    251.66666666666666  68.33333333333333   13.666666666666666
15:41:35.104 [main] INFO  e.h.j.direct.SAXVSMDirectSampler - @1.0   58.333333333333336  68.33333333333333   13.666666666666666
15:41:35.104 [main] INFO  e.h.j.direct.SAXVSMDirectSampler - iteration: 7, minimal value 0.19444444444444445 at 155, 14, 4
15:41:35.267 [main] INFO  e.h.j.direct.SAXVSMDirectSampler - @0.25  90.55555555555556   13.888888888888891  2.777777777777778
15:41:35.324 [main] INFO  e.h.j.direct.SAXVSMDirectSampler - @0.6111111111111112    26.111111111111118  13.888888888888891  2.777777777777778
15:41:36.588 [main] INFO  e.h.j.direct.SAXVSMDirectSampler - @0.8333333333333334    251.66666666666666  68.33333333333333   9.0
15:41:37.023 [main] INFO  e.h.j.direct.SAXVSMDirectSampler - @0.5833333333333334    251.66666666666666  21.666666666666668  9.0
15:41:37.023 [main] INFO  e.h.j.direct.SAXVSMDirectSampler - iteration: 8, minimal value 0.19444444444444445 at 155, 14, 4
15:41:37.154 [main] INFO  e.h.j.direct.SAXVSMDirectSampler - @0.19444444444444445   69.07407407407408   13.888888888888891  2.777777777777778
15:41:37.251 [main] INFO  e.h.j.direct.SAXVSMDirectSampler - @0.3055555555555556    47.592592592592595  13.888888888888891  2.777777777777778
15:41:37.380 [main] INFO  e.h.j.direct.SAXVSMDirectSampler - @0.25  58.333333333333336  16.48148148148148   2.777777777777778
15:41:37.472 [main] INFO  e.h.j.direct.SAXVSMDirectSampler - @0.2777777777777778    58.333333333333336  11.296296296296298  2.777777777777778
15:41:37.581 [main] INFO  e.h.j.direct.SAXVSMDirectSampler - @1.0   58.333333333333336  13.888888888888891  2.2592592592592595
15:41:37.752 [main] INFO  e.h.j.direct.SAXVSMDirectSampler - @0.3055555555555556    90.55555555555556   13.888888888888891  5.888888888888889
15:41:37.826 [main] INFO  e.h.j.direct.SAXVSMDirectSampler - @0.3888888888888889    26.111111111111118  13.888888888888891  5.888888888888889
15:41:38.329 [main] INFO  e.h.j.direct.SAXVSMDirectSampler - @0.5277777777777778    187.22222222222223  29.444444444444446  4.333333333333334
15:41:38.726 [main] INFO  e.h.j.direct.SAXVSMDirectSampler - @0.3888888888888889    122.77777777777779  29.444444444444446  4.333333333333334
15:41:39.192 [main] INFO  e.h.j.direct.SAXVSMDirectSampler - @0.5277777777777778    155.0   29.444444444444446  5.888888888888889
15:41:39.637 [main] INFO  e.h.j.direct.SAXVSMDirectSampler - @0.2777777777777778    155.0   29.444444444444446  2.777777777777778
15:41:40.361 [main] INFO  e.h.j.direct.SAXVSMDirectSampler - @0.5277777777777778    187.22222222222223  45.0    4.333333333333334
15:41:40.935 [main] INFO  e.h.j.direct.SAXVSMDirectSampler - @0.4444444444444444    122.77777777777779  45.0    4.333333333333334
15:41:41.714 [main] INFO  e.h.j.direct.SAXVSMDirectSampler - @0.5277777777777778    155.0   52.77777777777778   4.333333333333334
15:41:42.267 [main] INFO  e.h.j.direct.SAXVSMDirectSampler - @0.5   155.0   37.22222222222222   4.333333333333334
15:41:42.943 [main] INFO  e.h.j.direct.SAXVSMDirectSampler - @0.5277777777777778    155.0   45.0    5.888888888888889
15:41:43.613 [main] INFO  e.h.j.direct.SAXVSMDirectSampler - @0.5277777777777778    155.0   45.0    2.777777777777778
15:41:43.613 [main] INFO  e.h.j.direct.SAXVSMDirectSampler - iteration: 9, minimal value 0.19444444444444445 at 155, 14, 4
15:41:43.864 [main] INFO  e.h.j.direct.SAXVSMDirectSampler - @0.2222222222222222    101.2962962962963   21.666666666666668  2.777777777777778
15:41:44.075 [main] INFO  e.h.j.direct.SAXVSMDirectSampler - @0.25  79.81481481481482   21.666666666666668  2.777777777777778
15:41:44.327 [main] INFO  e.h.j.direct.SAXVSMDirectSampler - @0.3333333333333333    90.55555555555556   24.25925925925926   2.777777777777778
15:41:44.527 [main] INFO  e.h.j.direct.SAXVSMDirectSampler - @0.19444444444444445   90.55555555555556   19.074074074074076  2.777777777777778
15:41:44.755 [main] INFO  e.h.j.direct.SAXVSMDirectSampler - @0.6944444444444444    90.55555555555556   21.666666666666668  2.2592592592592595
15:41:45.235 [main] INFO  e.h.j.direct.SAXVSMDirectSampler - @0.4166666666666667    187.22222222222223  29.444444444444446  2.777777777777778
15:41:45.619 [main] INFO  e.h.j.direct.SAXVSMDirectSampler - @0.2222222222222222    122.77777777777779  29.444444444444446  2.777777777777778
15:41:46.154 [main] INFO  e.h.j.direct.SAXVSMDirectSampler - @0.5277777777777778    90.55555555555556   45.0    9.0
15:41:46.154 [main] INFO  e.h.j.direct.SAXVSMDirectSampler - @1.0   26.111111111111118  45.0    9.0
15:41:46.573 [main] INFO  e.h.j.direct.SAXVSMDirectSampler - @0.5555555555555556    58.333333333333336  52.77777777777778   9.0
15:41:46.874 [main] INFO  e.h.j.direct.SAXVSMDirectSampler - @0.5833333333333334    58.333333333333336  37.22222222222222   9.0
15:41:47.250 [main] INFO  e.h.j.direct.SAXVSMDirectSampler - @0.6111111111111112    58.333333333333336  45.0    10.555555555555557
15:41:47.618 [main] INFO  e.h.j.direct.SAXVSMDirectSampler - @0.6388888888888888    58.333333333333336  45.0    7.444444444444445
15:41:48.127 [main] INFO  e.h.j.direct.SAXVSMDirectSampler - @0.2777777777777778    90.55555555555556   45.0    4.333333333333334
15:41:48.127 [main] INFO  e.h.j.direct.SAXVSMDirectSampler - @1.0   26.111111111111118  45.0    4.333333333333334
15:41:48.543 [main] INFO  e.h.j.direct.SAXVSMDirectSampler - @0.5277777777777778    58.333333333333336  52.77777777777778   4.333333333333334
15:41:48.834 [main] INFO  e.h.j.direct.SAXVSMDirectSampler - @0.6388888888888888    58.333333333333336  37.22222222222222   4.333333333333334
15:41:49.190 [main] INFO  e.h.j.direct.SAXVSMDirectSampler - @0.5555555555555556    58.333333333333336  45.0    5.888888888888889
15:41:49.514 [main] INFO  e.h.j.direct.SAXVSMDirectSampler - @0.5   58.333333333333336  45.0    2.777777777777778
15:41:49.911 [main] INFO  e.h.j.direct.SAXVSMDirectSampler - @0.4444444444444444    283.88888888888886  21.666666666666668  4.333333333333334
15:41:50.298 [main] INFO  e.h.j.direct.SAXVSMDirectSampler - @0.5   219.4444444444444   21.666666666666668  4.333333333333334
15:41:50.829 [main] INFO  e.h.j.direct.SAXVSMDirectSampler - @0.5277777777777778    251.66666666666666  29.444444444444446  4.333333333333334
15:41:50.883 [main] INFO  e.h.j.direct.SAXVSMDirectSampler - @0.3611111111111111    251.66666666666666  13.888888888888891  4.333333333333334
15:41:51.311 [main] INFO  e.h.j.direct.SAXVSMDirectSampler - @0.6111111111111112    251.66666666666666  21.666666666666668  5.888888888888889
15:41:51.735 [main] INFO  e.h.j.direct.SAXVSMDirectSampler - @0.4166666666666667    251.66666666666666  21.666666666666668  2.777777777777778
15:41:51.735 [main] INFO  e.h.j.direct.SAXVSMDirectSampler - iteration: 10, minimal value 0.19444444444444445 at 155, 14, 4
15:41:51.981 [main] INFO  e.h.j.direct.SAXVSMDirectSampler - @0.19444444444444445   165.74074074074073  13.888888888888891  5.888888888888889
15:41:52.208 [main] INFO  e.h.j.direct.SAXVSMDirectSampler - @0.19444444444444445   144.25925925925927  13.888888888888891  5.888888888888889
15:41:52.476 [main] INFO  e.h.j.direct.SAXVSMDirectSampler - @0.2777777777777778    155.0   16.48148148148148   5.888888888888889
15:41:52.667 [main] INFO  e.h.j.direct.SAXVSMDirectSampler - @0.2777777777777778    155.0   11.296296296296298  5.888888888888889
15:41:53.214 [main] INFO  e.h.j.direct.SAXVSMDirectSampler - @0.4166666666666667    90.55555555555556   52.77777777777778   4.333333333333334
15:41:53.597 [main] INFO  e.h.j.direct.SAXVSMDirectSampler - @0.4166666666666667    90.55555555555556   37.22222222222222   4.333333333333334
15:41:54.074 [main] INFO  e.h.j.direct.SAXVSMDirectSampler - @0.3888888888888889    90.55555555555556   45.0    5.888888888888889
15:41:54.540 [main] INFO  e.h.j.direct.SAXVSMDirectSampler - @0.3888888888888889    90.55555555555556   45.0    2.777777777777778
15:41:54.925 [main] INFO  e.h.j.direct.SAXVSMDirectSampler - @0.5   187.22222222222223  21.666666666666668  9.0
15:41:55.256 [main] INFO  e.h.j.direct.SAXVSMDirectSampler - @0.4444444444444444    122.77777777777779  21.666666666666668  9.0
15:41:55.733 [main] INFO  e.h.j.direct.SAXVSMDirectSampler - @0.5833333333333334    155.0   29.444444444444446  9.0
15:41:55.961 [main] INFO  e.h.j.direct.SAXVSMDirectSampler - @0.3055555555555556    155.0   13.888888888888891  9.0
15:41:56.320 [main] INFO  e.h.j.direct.SAXVSMDirectSampler - @0.5277777777777778    155.0   21.666666666666668  10.555555555555557
15:41:56.660 [main] INFO  e.h.j.direct.SAXVSMDirectSampler - @0.3055555555555556    155.0   21.666666666666668  7.444444444444445
15:41:56.660 [main] INFO  e.h.j.direct.SAXVSMDirectSampler - iteration: 11, minimal value 0.19444444444444445 at 155, 14, 4
15:41:56.868 [main] INFO  e.h.j.direct.SAXVSMDirectSampler - @0.1111111111111111    133.51851851851853  13.888888888888891  5.888888888888889
15:41:56.913 [main] INFO  e.h.j.direct.SAXVSMDirectSampler - @0.2777777777777778    112.03703703703704  13.888888888888891  5.888888888888889
15:41:57.133 [main] INFO  e.h.j.direct.SAXVSMDirectSampler - @0.2222222222222222    122.77777777777779  16.48148148148148   5.888888888888889
15:41:57.291 [main] INFO  e.h.j.direct.SAXVSMDirectSampler - @0.1388888888888889    122.77777777777779  11.296296296296298  5.888888888888889
15:41:57.484 [main] INFO  e.h.j.direct.SAXVSMDirectSampler - @0.19444444444444445   122.77777777777779  13.888888888888891  5.37037037037037
15:41:57.850 [main] INFO  e.h.j.direct.SAXVSMDirectSampler - @0.3611111111111111    187.22222222222223  21.666666666666668  2.777777777777778
15:41:58.135 [main] INFO  e.h.j.direct.SAXVSMDirectSampler - @0.08333333333333333   122.77777777777779  21.666666666666668  2.777777777777778
15:41:58.507 [main] INFO  e.h.j.direct.SAXVSMDirectSampler - @0.5833333333333334    187.22222222222223  21.666666666666668  7.444444444444445
15:41:58.806 [main] INFO  e.h.j.direct.SAXVSMDirectSampler - @0.3611111111111111    122.77777777777779  21.666666666666668  7.444444444444445
15:41:59.055 [main] INFO  e.h.j.direct.SAXVSMDirectSampler - @0.4166666666666667    187.22222222222223  13.888888888888891  9.0
15:41:59.256 [main] INFO  e.h.j.direct.SAXVSMDirectSampler - @0.3888888888888889    122.77777777777779  13.888888888888891  9.0
15:41:59.486 [main] INFO  e.h.j.direct.SAXVSMDirectSampler - @0.4444444444444444    155.0   13.888888888888891  10.555555555555557
15:41:59.710 [main] INFO  e.h.j.direct.SAXVSMDirectSampler - @0.25  155.0   13.888888888888891  7.444444444444445
15:42:00.113 [main] INFO  e.h.j.direct.SAXVSMDirectSampler - @0.5833333333333334    187.22222222222223  21.666666666666668  13.666666666666666
15:42:00.436 [main] INFO  e.h.j.direct.SAXVSMDirectSampler - @0.5833333333333334    122.77777777777779  21.666666666666668  13.666666666666666
15:42:00.901 [main] INFO  e.h.j.direct.SAXVSMDirectSampler - @0.6388888888888888    155.0   29.444444444444446  13.666666666666666
15:42:01.140 [main] INFO  e.h.j.direct.SAXVSMDirectSampler - @0.5   155.0   13.888888888888891  13.666666666666666
15:42:01.522 [main] INFO  e.h.j.direct.SAXVSMDirectSampler - @0.4444444444444444    155.0   21.666666666666668  15.222222222222221
15:42:01.876 [main] INFO  e.h.j.direct.SAXVSMDirectSampler - @0.5555555555555556    155.0   21.666666666666668  12.111111111111109
15:42:01.877 [main] INFO  e.h.j.direct.SAXVSMDirectSampler - iteration: 12, minimal value 0.08333333333333333 at 123, 22, 3
15:42:02.145 [main] INFO  e.h.j.direct.SAXVSMDirectSampler - @0.4166666666666667    283.88888888888886  13.888888888888891  4.333333333333334
15:42:02.399 [main] INFO  e.h.j.direct.SAXVSMDirectSampler - @0.2777777777777778    219.4444444444444   13.888888888888891  4.333333333333334
15:42:02.451 [main] INFO  e.h.j.direct.SAXVSMDirectSampler - @0.5277777777777778    251.66666666666666  13.888888888888891  5.888888888888889
15:42:02.498 [main] INFO  e.h.j.direct.SAXVSMDirectSampler - @0.3055555555555556    251.66666666666666  13.888888888888891  2.777777777777778
15:42:02.906 [main] INFO  e.h.j.direct.SAXVSMDirectSampler - @0.6944444444444444    283.88888888888886  21.666666666666668  9.0
15:42:03.304 [main] INFO  e.h.j.direct.SAXVSMDirectSampler - @0.5277777777777778    219.4444444444444   21.666666666666668  9.0
15:42:03.827 [main] INFO  e.h.j.direct.SAXVSMDirectSampler - @0.6388888888888888    251.66666666666666  29.444444444444446  9.0
15:42:03.888 [main] INFO  e.h.j.direct.SAXVSMDirectSampler - @0.6111111111111112    251.66666666666666  13.888888888888891  9.0
15:42:04.300 [main] INFO  e.h.j.direct.SAXVSMDirectSampler - @0.4166666666666667    251.66666666666666  21.666666666666668  10.555555555555557
15:42:04.731 [main] INFO  e.h.j.direct.SAXVSMDirectSampler - @0.5833333333333334    251.66666666666666  21.666666666666668  7.444444444444445
15:42:04.732 [main] INFO  e.h.j.direct.SAXVSMDirectSampler - iteration: 13, minimal value 0.08333333333333333 at 123, 22, 3
15:42:05.881 [main] INFO  e.h.j.direct.SAXVSMDirectSampler - @0.6388888888888888    187.22222222222223  68.33333333333333   4.333333333333334
15:42:06.781 [main] INFO  e.h.j.direct.SAXVSMDirectSampler - @0.5   122.77777777777779  68.33333333333333   4.333333333333334
15:42:07.897 [main] INFO  e.h.j.direct.SAXVSMDirectSampler - @0.6111111111111112    155.0   76.11111111111111   4.333333333333334
15:42:08.790 [main] INFO  e.h.j.direct.SAXVSMDirectSampler - @0.6388888888888888    155.0   60.55555555555555   4.333333333333334
15:42:09.785 [main] INFO  e.h.j.direct.SAXVSMDirectSampler - @0.6111111111111112    155.0   68.33333333333333   5.888888888888889
15:42:10.771 [main] INFO  e.h.j.direct.SAXVSMDirectSampler - @0.5   155.0   68.33333333333333   2.777777777777778
15:42:11.046 [main] INFO  e.h.j.direct.SAXVSMDirectSampler - @0.5   90.55555555555556   21.666666666666668  13.666666666666666
15:42:11.167 [main] INFO  e.h.j.direct.SAXVSMDirectSampler - @0.6666666666666666    26.111111111111118  21.666666666666668  13.666666666666666
15:42:11.239 [main] INFO  e.h.j.direct.SAXVSMDirectSampler - @0.5833333333333334    58.333333333333336  29.444444444444446  13.666666666666666
15:42:11.382 [main] INFO  e.h.j.direct.SAXVSMDirectSampler - @0.5555555555555556    58.333333333333336  13.888888888888891  13.666666666666666
15:42:11.597 [main] INFO  e.h.j.direct.SAXVSMDirectSampler - @0.5555555555555556    58.333333333333336  21.666666666666668  15.222222222222221
15:42:11.805 [main] INFO  e.h.j.direct.SAXVSMDirectSampler - @0.5833333333333334    58.333333333333336  21.666666666666668  12.111111111111109
15:42:11.805 [main] INFO  e.h.j.direct.SAXVSMDirectSampler - iteration: 14, minimal value 0.08333333333333333 at 123, 22, 3
15:42:11.806 [main] INFO  e.h.j.direct.SAXVSMDirectSampler - iteration: 15, minimal value 0.08333333333333333 at 123, 22, 3
15:42:11.806 [main] INFO  e.h.j.direct.SAXVSMDirectSampler - iteration: 16, minimal value 0.08333333333333333 at 123, 22, 3
15:42:11.807 [main] INFO  e.h.j.direct.SAXVSMDirectSampler - iteration: 17, minimal value 0.08333333333333333 at 123, 22, 3
15:42:11.807 [main] INFO  e.h.j.direct.SAXVSMDirectSampler - iteration: 18, minimal value 0.08333333333333333 at 123, 22, 3
15:42:11.807 [main] INFO  e.h.j.direct.SAXVSMDirectSampler - iteration: 19, minimal value 0.08333333333333333 at 123, 22, 3
15:42:11.808 [main] INFO  e.h.j.direct.SAXVSMDirectSampler - min CV error 0.08333 reached at [123, 22, 3], 
15:42:11.813 [main] INFO  e.h.j.direct.SAXVSMDirectSampler - running sampling for EXACT strategy...
15:42:12.600 [main] INFO  e.h.j.direct.SAXVSMDirectSampler - iteration: 0, minimal value 0.4722222222222222 at 155, 45, 9
15:42:13.512 [main] INFO  e.h.j.direct.SAXVSMDirectSampler - @0.6388888888888888    251.66666666666666  45.0    9.0
15:42:13.937 [main] INFO  e.h.j.direct.SAXVSMDirectSampler - @0.4444444444444444    58.333333333333336  45.0    9.0
15:42:15.069 [main] INFO  e.h.j.direct.SAXVSMDirectSampler - @0.5833333333333334    155.0   68.33333333333333   9.0
15:42:15.481 [main] INFO  e.h.j.direct.SAXVSMDirectSampler - @0.3055555555555556    155.0   21.666666666666668  9.0
15:42:16.223 [main] INFO  e.h.j.direct.SAXVSMDirectSampler - @0.6111111111111112    155.0   45.0    13.666666666666666
15:42:16.954 [main] INFO  e.h.j.direct.SAXVSMDirectSampler - @0.25  155.0   45.0    4.333333333333334
15:42:16.954 [main] INFO  e.h.j.direct.SAXVSMDirectSampler - iteration: 1, minimal value 0.25 at 155, 45, 4
15:42:17.802 [main] INFO  e.h.j.direct.SAXVSMDirectSampler - @0.4722222222222222    251.66666666666666  45.0    4.333333333333334
15:42:18.201 [main] INFO  e.h.j.direct.SAXVSMDirectSampler - @0.2222222222222222    58.333333333333336  45.0    4.333333333333334
15:42:19.270 [main] INFO  e.h.j.direct.SAXVSMDirectSampler - @0.4166666666666667    155.0   68.33333333333333   4.333333333333334
15:42:19.645 [main] INFO  e.h.j.direct.SAXVSMDirectSampler - @0.1388888888888889    155.0   21.666666666666668  4.333333333333334
15:42:19.645 [main] INFO  e.h.j.direct.SAXVSMDirectSampler - iteration: 2, minimal value 0.1388888888888889 at 155, 22, 4
15:42:20.072 [main] INFO  e.h.j.direct.SAXVSMDirectSampler - @0.2777777777777778    251.66666666666666  21.666666666666668  4.333333333333334
15:42:20.282 [main] INFO  e.h.j.direct.SAXVSMDirectSampler - @0.19444444444444445   58.333333333333336  21.666666666666668  4.333333333333334
15:42:21.156 [main] INFO  e.h.j.direct.SAXVSMDirectSampler - @0.75  251.66666666666666  45.0    13.666666666666666
15:42:21.605 [main] INFO  e.h.j.direct.SAXVSMDirectSampler - @0.4722222222222222    58.333333333333336  45.0    13.666666666666666
15:42:22.688 [main] INFO  e.h.j.direct.SAXVSMDirectSampler - @0.6388888888888888    155.0   68.33333333333333   13.666666666666666
15:42:23.099 [main] INFO  e.h.j.direct.SAXVSMDirectSampler - @0.4166666666666667    155.0   21.666666666666668  13.666666666666666
15:42:23.100 [main] INFO  e.h.j.direct.SAXVSMDirectSampler - iteration: 3, minimal value 0.1388888888888889 at 155, 22, 4
15:42:23.498 [main] INFO  e.h.j.direct.SAXVSMDirectSampler - @0.19444444444444445   187.22222222222223  21.666666666666668  4.333333333333334
15:42:23.825 [main] INFO  e.h.j.direct.SAXVSMDirectSampler - @0.1388888888888889    122.77777777777779  21.666666666666668  4.333333333333334
15:42:24.304 [main] INFO  e.h.j.direct.SAXVSMDirectSampler - @0.19444444444444445   155.0   29.444444444444446  4.333333333333334
15:42:24.541 [main] INFO  e.h.j.direct.SAXVSMDirectSampler - @0.1111111111111111    155.0   13.888888888888891  4.333333333333334
15:42:24.928 [main] INFO  e.h.j.direct.SAXVSMDirectSampler - @0.1111111111111111    155.0   21.666666666666668  5.888888888888889
15:42:25.275 [main] INFO  e.h.j.direct.SAXVSMDirectSampler - @0.25  155.0   21.666666666666668  2.777777777777778
15:42:25.738 [main] INFO  e.h.j.direct.SAXVSMDirectSampler - @0.4166666666666667    251.66666666666666  21.666666666666668  9.0
15:42:26.171 [main] INFO  e.h.j.direct.SAXVSMDirectSampler - @0.3055555555555556    58.333333333333336  21.666666666666668  9.0
15:42:26.172 [main] INFO  e.h.j.direct.SAXVSMDirectSampler - iteration: 4, minimal value 0.1111111111111111 at 155, 14, 4
15:42:26.432 [main] INFO  e.h.j.direct.SAXVSMDirectSampler - @0.16666666666666666   187.22222222222223  13.888888888888891  4.333333333333334
15:42:26.648 [main] INFO  e.h.j.direct.SAXVSMDirectSampler - @0.1111111111111111    122.77777777777779  13.888888888888891  4.333333333333334
15:42:26.908 [main] INFO  e.h.j.direct.SAXVSMDirectSampler - @0.1388888888888889    155.0   13.888888888888891  5.888888888888889
15:42:27.136 [main] INFO  e.h.j.direct.SAXVSMDirectSampler - @0.3055555555555556    155.0   13.888888888888891  2.777777777777778
15:42:28.367 [main] INFO  e.h.j.direct.SAXVSMDirectSampler - @0.5833333333333334    251.66666666666666  68.33333333333333   4.333333333333334
15:42:28.367 [main] INFO  e.h.j.direct.SAXVSMDirectSampler - @1.0   58.333333333333336  68.33333333333333   4.333333333333334
15:42:28.367 [main] INFO  e.h.j.direct.SAXVSMDirectSampler - iteration: 5, minimal value 0.1111111111111111 at 155, 14, 4
15:42:28.796 [main] INFO  e.h.j.direct.SAXVSMDirectSampler - @0.25  187.22222222222223  21.666666666666668  5.888888888888889
15:42:29.151 [main] INFO  e.h.j.direct.SAXVSMDirectSampler - @0.2222222222222222    122.77777777777779  21.666666666666668  5.888888888888889
15:42:29.428 [main] INFO  e.h.j.direct.SAXVSMDirectSampler - @0.16666666666666666   90.55555555555556   21.666666666666668  4.333333333333334
15:42:29.533 [main] INFO  e.h.j.direct.SAXVSMDirectSampler - @0.4722222222222222    26.111111111111118  21.666666666666668  4.333333333333334
15:42:29.612 [main] INFO  e.h.j.direct.SAXVSMDirectSampler - @0.2222222222222222    58.333333333333336  29.444444444444446  4.333333333333334
15:42:29.743 [main] INFO  e.h.j.direct.SAXVSMDirectSampler - @0.2777777777777778    58.333333333333336  13.888888888888891  4.333333333333334
15:42:29.974 [main] INFO  e.h.j.direct.SAXVSMDirectSampler - @0.19444444444444445   58.333333333333336  21.666666666666668  5.888888888888889
15:42:30.159 [main] INFO  e.h.j.direct.SAXVSMDirectSampler - @0.19444444444444445   58.333333333333336  21.666666666666668  2.777777777777778
15:42:30.633 [main] INFO  e.h.j.direct.SAXVSMDirectSampler - @0.5   251.66666666666666  21.666666666666668  13.666666666666666
15:42:30.899 [main] INFO  e.h.j.direct.SAXVSMDirectSampler - @0.3611111111111111    58.333333333333336  21.666666666666668  13.666666666666666
15:42:30.900 [main] INFO  e.h.j.direct.SAXVSMDirectSampler - iteration: 6, minimal value 0.1111111111111111 at 155, 14, 4
15:42:31.127 [main] INFO  e.h.j.direct.SAXVSMDirectSampler - @0.1388888888888889    122.77777777777779  13.888888888888891  5.888888888888889
15:42:31.327 [main] INFO  e.h.j.direct.SAXVSMDirectSampler - @0.2222222222222222    122.77777777777779  13.888888888888891  2.777777777777778
15:42:31.692 [main] INFO  e.h.j.direct.SAXVSMDirectSampler - @0.19444444444444445   90.55555555555556   29.444444444444446  4.333333333333334
15:42:31.867 [main] INFO  e.h.j.direct.SAXVSMDirectSampler - @0.1111111111111111    90.55555555555556   13.888888888888891  4.333333333333334
15:42:32.160 [main] INFO  e.h.j.direct.SAXVSMDirectSampler - @0.16666666666666666   90.55555555555556   21.666666666666668  5.888888888888889
15:42:32.417 [main] INFO  e.h.j.direct.SAXVSMDirectSampler - @0.19444444444444445   90.55555555555556   21.666666666666668  2.777777777777778
15:42:32.952 [main] INFO  e.h.j.direct.SAXVSMDirectSampler - @0.2222222222222222    90.55555555555556   45.0    4.333333333333334
15:42:32.953 [main] INFO  e.h.j.direct.SAXVSMDirectSampler - @1.0   26.111111111111118  45.0    4.333333333333334
15:42:33.395 [main] INFO  e.h.j.direct.SAXVSMDirectSampler - @0.25  58.333333333333336  52.77777777777778   4.333333333333334
15:42:33.726 [main] INFO  e.h.j.direct.SAXVSMDirectSampler - @0.25  58.333333333333336  37.22222222222222   4.333333333333334
15:42:34.123 [main] INFO  e.h.j.direct.SAXVSMDirectSampler - @0.4722222222222222    58.333333333333336  45.0    5.888888888888889
15:42:34.484 [main] INFO  e.h.j.direct.SAXVSMDirectSampler - @0.2222222222222222    58.333333333333336  45.0    2.777777777777778
15:42:35.734 [main] INFO  e.h.j.direct.SAXVSMDirectSampler - @0.6944444444444444    251.66666666666666  68.33333333333333   9.0
15:42:35.735 [main] INFO  e.h.j.direct.SAXVSMDirectSampler - @1.0   58.333333333333336  68.33333333333333   9.0
15:42:35.735 [main] INFO  e.h.j.direct.SAXVSMDirectSampler - iteration: 7, minimal value 0.1111111111111111 at 155, 14, 4
15:42:35.934 [main] INFO  e.h.j.direct.SAXVSMDirectSampler - @0.16666666666666666   90.55555555555556   13.888888888888891  5.888888888888889
15:42:36.100 [main] INFO  e.h.j.direct.SAXVSMDirectSampler - @0.1111111111111111    90.55555555555556   13.888888888888891  2.777777777777778
15:42:36.891 [main] INFO  e.h.j.direct.SAXVSMDirectSampler - @0.25  187.22222222222223  45.0    4.333333333333334
15:42:37.541 [main] INFO  e.h.j.direct.SAXVSMDirectSampler - @0.16666666666666666   122.77777777777779  45.0    4.333333333333334
15:42:38.395 [main] INFO  e.h.j.direct.SAXVSMDirectSampler - @0.2222222222222222    155.0   52.77777777777778   4.333333333333334
15:42:39.036 [main] INFO  e.h.j.direct.SAXVSMDirectSampler - @0.19444444444444445   155.0   37.22222222222222   4.333333333333334
15:42:39.791 [main] INFO  e.h.j.direct.SAXVSMDirectSampler - @0.3055555555555556    155.0   45.0    5.888888888888889
15:42:40.495 [main] INFO  e.h.j.direct.SAXVSMDirectSampler - @0.19444444444444445   155.0   45.0    2.777777777777778
15:42:41.748 [main] INFO  e.h.j.direct.SAXVSMDirectSampler - @0.8333333333333334    251.66666666666666  68.33333333333333   13.666666666666666
15:42:41.748 [main] INFO  e.h.j.direct.SAXVSMDirectSampler - @1.0   58.333333333333336  68.33333333333333   13.666666666666666
15:42:41.748 [main] INFO  e.h.j.direct.SAXVSMDirectSampler - iteration: 8, minimal value 0.1111111111111111 at 155, 14, 4
15:42:41.926 [main] INFO  e.h.j.direct.SAXVSMDirectSampler - @0.16666666666666666   101.2962962962963   13.888888888888891  2.777777777777778
15:42:42.077 [main] INFO  e.h.j.direct.SAXVSMDirectSampler - @0.1111111111111111    79.81481481481482   13.888888888888891  2.777777777777778
15:42:42.266 [main] INFO  e.h.j.direct.SAXVSMDirectSampler - @0.08333333333333333   90.55555555555556   16.48148148148148   2.777777777777778
15:42:42.398 [main] INFO  e.h.j.direct.SAXVSMDirectSampler - @0.16666666666666666   90.55555555555556   11.296296296296298  2.777777777777778
15:42:42.553 [main] INFO  e.h.j.direct.SAXVSMDirectSampler - @0.3333333333333333    90.55555555555556   13.888888888888891  2.2592592592592595
15:42:43.309 [main] INFO  e.h.j.direct.SAXVSMDirectSampler - @0.25  122.77777777777779  52.77777777777778   4.333333333333334
15:42:43.850 [main] INFO  e.h.j.direct.SAXVSMDirectSampler - @0.16666666666666666   122.77777777777779  37.22222222222222   4.333333333333334
15:42:44.546 [main] INFO  e.h.j.direct.SAXVSMDirectSampler - @0.25  122.77777777777779  45.0    5.888888888888889
15:42:45.197 [main] INFO  e.h.j.direct.SAXVSMDirectSampler - @0.19444444444444445   122.77777777777779  45.0    2.777777777777778
15:42:45.653 [main] INFO  e.h.j.direct.SAXVSMDirectSampler - @0.2777777777777778    283.88888888888886  21.666666666666668  4.333333333333334
15:42:46.094 [main] INFO  e.h.j.direct.SAXVSMDirectSampler - @0.19444444444444445   219.4444444444444   21.666666666666668  4.333333333333334
15:42:46.649 [main] INFO  e.h.j.direct.SAXVSMDirectSampler - @0.4166666666666667    251.66666666666666  29.444444444444446  4.333333333333334
15:42:46.716 [main] INFO  e.h.j.direct.SAXVSMDirectSampler - @0.2222222222222222    251.66666666666666  13.888888888888891  4.333333333333334
15:42:47.151 [main] INFO  e.h.j.direct.SAXVSMDirectSampler - @0.4722222222222222    251.66666666666666  21.666666666666668  5.888888888888889
15:42:47.563 [main] INFO  e.h.j.direct.SAXVSMDirectSampler - @0.25  251.66666666666666  21.666666666666668  2.777777777777778
15:42:47.563 [main] INFO  e.h.j.direct.SAXVSMDirectSampler - iteration: 9, minimal value 0.08333333333333333 at 91, 16, 3
15:42:47.762 [main] INFO  e.h.j.direct.SAXVSMDirectSampler - @0.19444444444444445   101.2962962962963   16.48148148148148   2.777777777777778
15:42:47.814 [main] INFO  e.h.j.direct.SAXVSMDirectSampler - @0.08333333333333333   79.81481481481482   16.48148148148148   2.777777777777778
15:42:47.987 [main] INFO  e.h.j.direct.SAXVSMDirectSampler - @0.2777777777777778    90.55555555555556   16.48148148148148   2.2592592592592595
15:42:48.497 [main] INFO  e.h.j.direct.SAXVSMDirectSampler - @0.25  187.22222222222223  29.444444444444446  4.333333333333334
15:42:48.933 [main] INFO  e.h.j.direct.SAXVSMDirectSampler - @0.16666666666666666   122.77777777777779  29.444444444444446  4.333333333333334
15:42:49.438 [main] INFO  e.h.j.direct.SAXVSMDirectSampler - @0.16666666666666666   155.0   29.444444444444446  5.888888888888889
15:42:49.896 [main] INFO  e.h.j.direct.SAXVSMDirectSampler - @0.19444444444444445   155.0   29.444444444444446  2.777777777777778
15:42:50.433 [main] INFO  e.h.j.direct.SAXVSMDirectSampler - @0.25  219.4444444444444   29.444444444444446  4.333333333333334
15:42:50.706 [main] INFO  e.h.j.direct.SAXVSMDirectSampler - @0.16666666666666666   219.4444444444444   13.888888888888891  4.333333333333334
15:42:51.143 [main] INFO  e.h.j.direct.SAXVSMDirectSampler - @0.3333333333333333    219.4444444444444   21.666666666666668  5.888888888888889
15:42:51.542 [main] INFO  e.h.j.direct.SAXVSMDirectSampler - @0.2777777777777778    219.4444444444444   21.666666666666668  2.777777777777778
15:42:51.850 [main] INFO  e.h.j.direct.SAXVSMDirectSampler - @0.25  90.55555555555556   21.666666666666668  9.0
15:42:52.005 [main] INFO  e.h.j.direct.SAXVSMDirectSampler - @0.5555555555555556    26.111111111111118  21.666666666666668  9.0
15:42:52.124 [main] INFO  e.h.j.direct.SAXVSMDirectSampler - @0.2777777777777778    58.333333333333336  29.444444444444446  9.0
15:42:52.296 [main] INFO  e.h.j.direct.SAXVSMDirectSampler - @0.19444444444444445   58.333333333333336  13.888888888888891  9.0
15:42:52.554 [main] INFO  e.h.j.direct.SAXVSMDirectSampler - @0.4722222222222222    58.333333333333336  21.666666666666668  10.555555555555557
15:42:52.788 [main] INFO  e.h.j.direct.SAXVSMDirectSampler - @0.25  58.333333333333336  21.666666666666668  7.444444444444445
15:42:52.789 [main] INFO  e.h.j.direct.SAXVSMDirectSampler - iteration: 10, minimal value 0.08333333333333333 at 91, 16, 3
15:42:52.820 [main] INFO  e.h.j.direct.SAXVSMDirectSampler - @0.2777777777777778    79.81481481481482   16.48148148148148   2.2592592592592595
15:42:53.064 [main] INFO  e.h.j.direct.SAXVSMDirectSampler - @0.2222222222222222    165.74074074074073  13.888888888888891  4.333333333333334
15:42:53.296 [main] INFO  e.h.j.direct.SAXVSMDirectSampler - @0.19444444444444445   144.25925925925927  13.888888888888891  4.333333333333334
15:42:53.574 [main] INFO  e.h.j.direct.SAXVSMDirectSampler - @0.16666666666666666   155.0   16.48148148148148   4.333333333333334
15:42:53.765 [main] INFO  e.h.j.direct.SAXVSMDirectSampler - @0.16666666666666666   155.0   11.296296296296298  4.333333333333334
15:42:54.021 [main] INFO  e.h.j.direct.SAXVSMDirectSampler - @0.1388888888888889    155.0   13.888888888888891  4.851851851851852
15:42:54.209 [main] INFO  e.h.j.direct.SAXVSMDirectSampler - @0.16666666666666666   101.2962962962963   13.888888888888891  4.333333333333334
15:42:54.370 [main] INFO  e.h.j.direct.SAXVSMDirectSampler - @0.1388888888888889    79.81481481481482   13.888888888888891  4.333333333333334
15:42:54.576 [main] INFO  e.h.j.direct.SAXVSMDirectSampler - @0.1388888888888889    90.55555555555556   16.48148148148148   4.333333333333334
15:42:54.718 [main] INFO  e.h.j.direct.SAXVSMDirectSampler - @0.1111111111111111    90.55555555555556   11.296296296296298  4.333333333333334
15:42:54.909 [main] INFO  e.h.j.direct.SAXVSMDirectSampler - @0.1111111111111111    90.55555555555556   13.888888888888891  4.851851851851852
15:42:55.185 [main] INFO  e.h.j.direct.SAXVSMDirectSampler - @0.1111111111111111    187.22222222222223  13.888888888888891  5.888888888888889
15:42:55.434 [main] INFO  e.h.j.direct.SAXVSMDirectSampler - @0.25  187.22222222222223  13.888888888888891  2.777777777777778
15:42:55.986 [main] INFO  e.h.j.direct.SAXVSMDirectSampler - @0.2777777777777778    122.77777777777779  37.22222222222222   5.888888888888889
15:42:56.494 [main] INFO  e.h.j.direct.SAXVSMDirectSampler - @0.19444444444444445   122.77777777777779  37.22222222222222   2.777777777777778
15:42:56.933 [main] INFO  e.h.j.direct.SAXVSMDirectSampler - @0.16666666666666666   122.77777777777779  29.444444444444446  5.888888888888889
15:42:57.333 [main] INFO  e.h.j.direct.SAXVSMDirectSampler - @0.1388888888888889    122.77777777777779  29.444444444444446  2.777777777777778
15:42:57.625 [main] INFO  e.h.j.direct.SAXVSMDirectSampler - @0.25  219.4444444444444   13.888888888888891  5.888888888888889
15:42:57.884 [main] INFO  e.h.j.direct.SAXVSMDirectSampler - @0.1388888888888889    219.4444444444444   13.888888888888891  2.777777777777778
15:42:58.105 [main] INFO  e.h.j.direct.SAXVSMDirectSampler - @0.16666666666666666   90.55555555555556   13.888888888888891  9.0
15:42:58.199 [main] INFO  e.h.j.direct.SAXVSMDirectSampler - @0.3055555555555556    26.111111111111118  13.888888888888891  9.0
15:42:58.378 [main] INFO  e.h.j.direct.SAXVSMDirectSampler - @0.3055555555555556    58.333333333333336  13.888888888888891  10.555555555555557
15:42:58.534 [main] INFO  e.h.j.direct.SAXVSMDirectSampler - @0.1388888888888889    58.333333333333336  13.888888888888891  7.444444444444445
15:42:58.973 [main] INFO  e.h.j.direct.SAXVSMDirectSampler - @0.3055555555555556    187.22222222222223  21.666666666666668  9.0
15:42:59.345 [main] INFO  e.h.j.direct.SAXVSMDirectSampler - @0.19444444444444445   122.77777777777779  21.666666666666668  9.0
15:42:59.866 [main] INFO  e.h.j.direct.SAXVSMDirectSampler - @0.3888888888888889    155.0   29.444444444444446  9.0
15:43:00.149 [main] INFO  e.h.j.direct.SAXVSMDirectSampler - @0.16666666666666666   155.0   13.888888888888891  9.0
15:43:00.562 [main] INFO  e.h.j.direct.SAXVSMDirectSampler - @0.3888888888888889    155.0   21.666666666666668  10.555555555555557
15:43:00.970 [main] INFO  e.h.j.direct.SAXVSMDirectSampler - @0.19444444444444445   155.0   21.666666666666668  7.444444444444445
15:43:00.970 [main] INFO  e.h.j.direct.SAXVSMDirectSampler - iteration: 11, minimal value 0.08333333333333333 at 91, 16, 3
15:43:01.164 [main] INFO  e.h.j.direct.SAXVSMDirectSampler - @0.1388888888888889    94.13580246913581   16.48148148148148   2.777777777777778
15:43:01.357 [main] INFO  e.h.j.direct.SAXVSMDirectSampler - @0.1388888888888889    86.97530864197532   16.48148148148148   2.777777777777778
15:43:01.562 [main] INFO  e.h.j.direct.SAXVSMDirectSampler - @0.1111111111111111    90.55555555555556   17.34567901234568   2.777777777777778
15:43:01.743 [main] INFO  e.h.j.direct.SAXVSMDirectSampler - @0.1111111111111111    83.39506172839506   16.48148148148148   2.777777777777778
15:43:01.909 [main] INFO  e.h.j.direct.SAXVSMDirectSampler - @0.1111111111111111    76.23456790123457   16.48148148148148   2.777777777777778
15:43:02.089 [main] INFO  e.h.j.direct.SAXVSMDirectSampler - @0.16666666666666666   79.81481481481482   17.34567901234568   2.777777777777778
15:43:02.241 [main] INFO  e.h.j.direct.SAXVSMDirectSampler - @0.16666666666666666   101.2962962962963   11.296296296296298  4.333333333333334
15:43:02.371 [main] INFO  e.h.j.direct.SAXVSMDirectSampler - @0.16666666666666666   79.81481481481482   11.296296296296298  4.333333333333334
15:43:02.523 [main] INFO  e.h.j.direct.SAXVSMDirectSampler - @0.1111111111111111    90.55555555555556   11.296296296296298  4.851851851851852
15:43:02.927 [main] INFO  e.h.j.direct.SAXVSMDirectSampler - @0.19444444444444445   165.74074074074073  21.666666666666668  5.888888888888889
15:43:03.311 [main] INFO  e.h.j.direct.SAXVSMDirectSampler - @0.16666666666666666   144.25925925925927  21.666666666666668  5.888888888888889
15:43:03.750 [main] INFO  e.h.j.direct.SAXVSMDirectSampler - @0.2777777777777778    155.0   24.25925925925926   5.888888888888889
15:43:04.124 [main] INFO  e.h.j.direct.SAXVSMDirectSampler - @0.16666666666666666   155.0   19.074074074074076  5.888888888888889
15:43:04.530 [main] INFO  e.h.j.direct.SAXVSMDirectSampler - @0.1388888888888889    155.0   21.666666666666668  5.37037037037037
15:43:04.741 [main] INFO  e.h.j.direct.SAXVSMDirectSampler - @0.16666666666666666   90.55555555555556   13.888888888888891  7.444444444444445
15:43:04.836 [main] INFO  e.h.j.direct.SAXVSMDirectSampler - @0.4722222222222222    26.111111111111118  13.888888888888891  7.444444444444445
15:43:05.179 [main] INFO  e.h.j.direct.SAXVSMDirectSampler - @0.19444444444444445   90.55555555555556   21.666666666666668  13.666666666666666
15:43:05.354 [main] INFO  e.h.j.direct.SAXVSMDirectSampler - @0.5277777777777778    26.111111111111118  21.666666666666668  13.666666666666666
15:43:05.497 [main] INFO  e.h.j.direct.SAXVSMDirectSampler - @0.4444444444444444    58.333333333333336  29.444444444444446  13.666666666666666
15:43:05.697 [main] INFO  e.h.j.direct.SAXVSMDirectSampler - @0.3611111111111111    58.333333333333336  13.888888888888891  13.666666666666666
15:43:05.960 [main] INFO  e.h.j.direct.SAXVSMDirectSampler - @0.3888888888888889    58.333333333333336  21.666666666666668  15.222222222222221
15:43:06.209 [main] INFO  e.h.j.direct.SAXVSMDirectSampler - @0.4166666666666667    58.333333333333336  21.666666666666668  12.111111111111109
15:43:06.210 [main] INFO  e.h.j.direct.SAXVSMDirectSampler - iteration: 12, minimal value 0.08333333333333333 at 91, 16, 3
15:43:06.346 [main] INFO  e.h.j.direct.SAXVSMDirectSampler - @0.25  79.81481481481482   13.888888888888891  2.2592592592592595
15:43:06.551 [main] INFO  e.h.j.direct.SAXVSMDirectSampler - @0.1388888888888889    101.2962962962963   13.888888888888891  4.851851851851852
15:43:06.729 [main] INFO  e.h.j.direct.SAXVSMDirectSampler - @0.16666666666666666   79.81481481481482   13.888888888888891  4.851851851851852
15:43:06.953 [main] INFO  e.h.j.direct.SAXVSMDirectSampler - @0.1111111111111111    133.51851851851853  13.888888888888891  4.333333333333334
15:43:07.015 [main] INFO  e.h.j.direct.SAXVSMDirectSampler - @0.16666666666666666   112.03703703703704  13.888888888888891  4.333333333333334
15:43:07.261 [main] INFO  e.h.j.direct.SAXVSMDirectSampler - @0.1388888888888889    122.77777777777779  16.48148148148148   4.333333333333334
15:43:07.431 [main] INFO  e.h.j.direct.SAXVSMDirectSampler - @0.2222222222222222    122.77777777777779  11.296296296296298  4.333333333333334
15:43:07.661 [main] INFO  e.h.j.direct.SAXVSMDirectSampler - @0.19444444444444445   122.77777777777779  13.888888888888891  4.851851851851852
15:43:07.767 [main] INFO  e.h.j.direct.SAXVSMDirectSampler - @0.3055555555555556    58.333333333333336  29.444444444444446  5.888888888888889
15:43:07.921 [main] INFO  e.h.j.direct.SAXVSMDirectSampler - @0.1388888888888889    58.333333333333336  13.888888888888891  5.888888888888889
15:43:08.295 [main] INFO  e.h.j.direct.SAXVSMDirectSampler - @0.2222222222222222    122.77777777777779  21.666666666666668  10.555555555555557
15:43:08.655 [main] INFO  e.h.j.direct.SAXVSMDirectSampler - @0.25  122.77777777777779  21.666666666666668  7.444444444444445
15:43:09.109 [main] INFO  e.h.j.direct.SAXVSMDirectSampler - @0.5555555555555556    283.88888888888886  21.666666666666668  9.0
15:43:09.568 [main] INFO  e.h.j.direct.SAXVSMDirectSampler - @0.3611111111111111    219.4444444444444   21.666666666666668  9.0
15:43:10.145 [main] INFO  e.h.j.direct.SAXVSMDirectSampler - @0.4722222222222222    251.66666666666666  29.444444444444446  9.0
15:43:10.238 [main] INFO  e.h.j.direct.SAXVSMDirectSampler - @0.3333333333333333    251.66666666666666  13.888888888888891  9.0
15:43:10.709 [main] INFO  e.h.j.direct.SAXVSMDirectSampler - @0.2222222222222222    251.66666666666666  21.666666666666668  10.555555555555557
15:43:11.165 [main] INFO  e.h.j.direct.SAXVSMDirectSampler - @0.4166666666666667    251.66666666666666  21.666666666666668  7.444444444444445
15:43:11.166 [main] INFO  e.h.j.direct.SAXVSMDirectSampler - iteration: 13, minimal value 0.08333333333333333 at 91, 16, 3
15:43:11.448 [main] INFO  e.h.j.direct.SAXVSMDirectSampler - @0.25  197.96296296296296  13.888888888888891  5.888888888888889
15:43:11.721 [main] INFO  e.h.j.direct.SAXVSMDirectSampler - @0.19444444444444445   176.48148148148152  13.888888888888891  5.888888888888889
15:43:12.047 [main] INFO  e.h.j.direct.SAXVSMDirectSampler - @0.25  187.22222222222223  16.48148148148148   5.888888888888889
15:43:12.127 [main] INFO  e.h.j.direct.SAXVSMDirectSampler - @0.19444444444444445   187.22222222222223  11.296296296296298  5.888888888888889
15:43:12.408 [main] INFO  e.h.j.direct.SAXVSMDirectSampler - @0.16666666666666666   187.22222222222223  13.888888888888891  5.37037037037037
15:43:12.476 [main] INFO  e.h.j.direct.SAXVSMDirectSampler - @0.2222222222222222    58.333333333333336  29.444444444444446  2.777777777777778
15:43:12.600 [main] INFO  e.h.j.direct.SAXVSMDirectSampler - @0.19444444444444445   58.333333333333336  13.888888888888891  2.777777777777778
15:43:13.248 [main] INFO  e.h.j.direct.SAXVSMDirectSampler - @0.2777777777777778    155.0   37.22222222222222   5.888888888888889
15:43:13.861 [main] INFO  e.h.j.direct.SAXVSMDirectSampler - @0.16666666666666666   155.0   37.22222222222222   2.777777777777778
15:43:14.336 [main] INFO  e.h.j.direct.SAXVSMDirectSampler - @0.4444444444444444    187.22222222222223  21.666666666666668  13.666666666666666
15:43:14.724 [main] INFO  e.h.j.direct.SAXVSMDirectSampler - @0.3611111111111111    122.77777777777779  21.666666666666668  13.666666666666666
15:43:15.239 [main] INFO  e.h.j.direct.SAXVSMDirectSampler - @0.4722222222222222    155.0   29.444444444444446  13.666666666666666
15:43:15.538 [main] INFO  e.h.j.direct.SAXVSMDirectSampler - @0.3333333333333333    155.0   13.888888888888891  13.666666666666666
15:43:15.960 [main] INFO  e.h.j.direct.SAXVSMDirectSampler - @0.2222222222222222    155.0   21.666666666666668  15.222222222222221
15:43:16.382 [main] INFO  e.h.j.direct.SAXVSMDirectSampler - @0.3611111111111111    155.0   21.666666666666668  12.111111111111109
15:43:16.383 [main] INFO  e.h.j.direct.SAXVSMDirectSampler - iteration: 14, minimal value 0.08333333333333333 at 91, 16, 3
15:43:16.563 [main] INFO  e.h.j.direct.SAXVSMDirectSampler - @0.2777777777777778    69.07407407407408   13.888888888888891  7.444444444444445
15:43:16.710 [main] INFO  e.h.j.direct.SAXVSMDirectSampler - @0.16666666666666666   47.592592592592595  13.888888888888891  7.444444444444445
15:43:16.891 [main] INFO  e.h.j.direct.SAXVSMDirectSampler - @0.25  58.333333333333336  16.48148148148148   7.444444444444445
15:43:17.024 [main] INFO  e.h.j.direct.SAXVSMDirectSampler - @0.2222222222222222    58.333333333333336  11.296296296296298  7.444444444444445
15:43:17.192 [main] INFO  e.h.j.direct.SAXVSMDirectSampler - @0.2222222222222222    58.333333333333336  13.888888888888891  7.962962962962963
15:43:17.582 [main] INFO  e.h.j.direct.SAXVSMDirectSampler - @0.19444444444444445   90.55555555555556   29.444444444444446  5.888888888888889
15:43:17.936 [main] INFO  e.h.j.direct.SAXVSMDirectSampler - @0.16666666666666666   90.55555555555556   29.444444444444446  2.777777777777778
15:43:19.124 [main] INFO  e.h.j.direct.SAXVSMDirectSampler - @0.4444444444444444    187.22222222222223  68.33333333333333   4.333333333333334
15:43:20.042 [main] INFO  e.h.j.direct.SAXVSMDirectSampler - @0.2777777777777778    122.77777777777779  68.33333333333333   4.333333333333334
15:43:21.206 [main] INFO  e.h.j.direct.SAXVSMDirectSampler - @0.4444444444444444    155.0   76.11111111111111   4.333333333333334
15:43:22.163 [main] INFO  e.h.j.direct.SAXVSMDirectSampler - @0.3333333333333333    155.0   60.55555555555555   4.333333333333334
15:43:23.284 [main] INFO  e.h.j.direct.SAXVSMDirectSampler - @0.5   155.0   68.33333333333333   5.888888888888889
15:43:24.370 [main] INFO  e.h.j.direct.SAXVSMDirectSampler - @0.25  155.0   68.33333333333333   2.777777777777778
15:43:24.371 [main] INFO  e.h.j.direct.SAXVSMDirectSampler - iteration: 15, minimal value 0.08333333333333333 at 91, 16, 3
15:43:24.762 [main] INFO  e.h.j.direct.SAXVSMDirectSampler - @0.1111111111111111    165.74074074074073  21.666666666666668  4.333333333333334
15:43:25.124 [main] INFO  e.h.j.direct.SAXVSMDirectSampler - @0.16666666666666666   144.25925925925927  21.666666666666668  4.333333333333334
15:43:25.529 [main] INFO  e.h.j.direct.SAXVSMDirectSampler - @0.16666666666666666   155.0   24.25925925925926   4.333333333333334
15:43:25.857 [main] INFO  e.h.j.direct.SAXVSMDirectSampler - @0.19444444444444445   155.0   19.074074074074076  4.333333333333334
15:43:25.937 [main] INFO  e.h.j.direct.SAXVSMDirectSampler - @0.3611111111111111    251.66666666666666  13.888888888888891  5.888888888888889
15:43:25.992 [main] INFO  e.h.j.direct.SAXVSMDirectSampler - @0.25  251.66666666666666  13.888888888888891  2.777777777777778
15:43:26.551 [main] INFO  e.h.j.direct.SAXVSMDirectSampler - @0.2777777777777778    90.55555555555556   45.0    9.0
15:43:26.551 [main] INFO  e.h.j.direct.SAXVSMDirectSampler - @1.0   26.111111111111118  45.0    9.0
15:43:27.050 [main] INFO  e.h.j.direct.SAXVSMDirectSampler - @0.4166666666666667    58.333333333333336  52.77777777777778   9.0
15:43:27.411 [main] INFO  e.h.j.direct.SAXVSMDirectSampler - @0.4722222222222222    58.333333333333336  37.22222222222222   9.0
15:43:27.852 [main] INFO  e.h.j.direct.SAXVSMDirectSampler - @0.5   58.333333333333336  45.0    10.555555555555557
15:43:28.258 [main] INFO  e.h.j.direct.SAXVSMDirectSampler - @0.5277777777777778    58.333333333333336  45.0    7.444444444444445
15:43:28.259 [main] INFO  e.h.j.direct.SAXVSMDirectSampler - iteration: 16, minimal value 0.08333333333333333 at 91, 16, 3
15:43:28.611 [main] INFO  e.h.j.direct.SAXVSMDirectSampler - @0.16666666666666666   133.51851851851853  21.666666666666668  4.333333333333334
15:43:28.937 [main] INFO  e.h.j.direct.SAXVSMDirectSampler - @0.16666666666666666   112.03703703703704  21.666666666666668  4.333333333333334
15:43:29.287 [main] INFO  e.h.j.direct.SAXVSMDirectSampler - @0.1388888888888889    122.77777777777779  24.25925925925926   4.333333333333334
15:43:29.574 [main] INFO  e.h.j.direct.SAXVSMDirectSampler - @0.1388888888888889    122.77777777777779  19.074074074074076  4.333333333333334
15:43:29.937 [main] INFO  e.h.j.direct.SAXVSMDirectSampler - @0.2222222222222222    122.77777777777779  21.666666666666668  4.851851851851852
15:43:30.836 [main] INFO  e.h.j.direct.SAXVSMDirectSampler - @0.4166666666666667    155.0   52.77777777777778   5.888888888888889
15:43:31.707 [main] INFO  e.h.j.direct.SAXVSMDirectSampler - @0.19444444444444445   155.0   52.77777777777778   2.777777777777778
15:43:32.559 [main] INFO  e.h.j.direct.SAXVSMDirectSampler - @0.5   187.22222222222223  45.0    9.0
15:43:33.267 [main] INFO  e.h.j.direct.SAXVSMDirectSampler - @0.3611111111111111    122.77777777777779  45.0    9.0
15:43:34.129 [main] INFO  e.h.j.direct.SAXVSMDirectSampler - @0.5   155.0   52.77777777777778   9.0
15:43:34.761 [main] INFO  e.h.j.direct.SAXVSMDirectSampler - @0.4444444444444444    155.0   37.22222222222222   9.0
15:43:35.495 [main] INFO  e.h.j.direct.SAXVSMDirectSampler - @0.5   155.0   45.0    10.555555555555557
15:43:36.232 [main] INFO  e.h.j.direct.SAXVSMDirectSampler - @0.4722222222222222    155.0   45.0    7.444444444444445
15:43:37.052 [main] INFO  e.h.j.direct.SAXVSMDirectSampler - @0.5277777777777778    283.88888888888886  45.0    4.333333333333334
15:43:37.870 [main] INFO  e.h.j.direct.SAXVSMDirectSampler - @0.3333333333333333    219.4444444444444   45.0    4.333333333333334
15:43:38.856 [main] INFO  e.h.j.direct.SAXVSMDirectSampler - @0.5277777777777778    251.66666666666666  52.77777777777778   4.333333333333334
15:43:39.550 [main] INFO  e.h.j.direct.SAXVSMDirectSampler - @0.4166666666666667    251.66666666666666  37.22222222222222   4.333333333333334
15:43:40.401 [main] INFO  e.h.j.direct.SAXVSMDirectSampler - @0.5833333333333334    251.66666666666666  45.0    5.888888888888889
15:43:41.272 [main] INFO  e.h.j.direct.SAXVSMDirectSampler - @0.3333333333333333    251.66666666666666  45.0    2.777777777777778
15:43:41.885 [main] INFO  e.h.j.direct.SAXVSMDirectSampler - @0.5833333333333334    90.55555555555556   45.0    13.666666666666666
15:43:41.885 [main] INFO  e.h.j.direct.SAXVSMDirectSampler - @1.0   26.111111111111118  45.0    13.666666666666666
15:43:42.407 [main] INFO  e.h.j.direct.SAXVSMDirectSampler - @0.4722222222222222    58.333333333333336  52.77777777777778   13.666666666666666
15:43:42.812 [main] INFO  e.h.j.direct.SAXVSMDirectSampler - @0.5   58.333333333333336  37.22222222222222   13.666666666666666
15:43:43.259 [main] INFO  e.h.j.direct.SAXVSMDirectSampler - @0.5   58.333333333333336  45.0    15.222222222222221
15:43:43.705 [main] INFO  e.h.j.direct.SAXVSMDirectSampler - @0.5   58.333333333333336  45.0    12.111111111111109
15:43:43.705 [main] INFO  e.h.j.direct.SAXVSMDirectSampler - iteration: 17, minimal value 0.08333333333333333 at 91, 16, 3
15:43:43.976 [main] INFO  e.h.j.direct.SAXVSMDirectSampler - @0.1111111111111111    165.74074074074073  13.888888888888891  5.888888888888889
15:43:44.232 [main] INFO  e.h.j.direct.SAXVSMDirectSampler - @0.16666666666666666   144.25925925925927  13.888888888888891  5.888888888888889
15:43:44.545 [main] INFO  e.h.j.direct.SAXVSMDirectSampler - @0.1388888888888889    155.0   16.48148148148148   5.888888888888889
15:43:44.767 [main] INFO  e.h.j.direct.SAXVSMDirectSampler - @0.1388888888888889    155.0   11.296296296296298  5.888888888888889
15:43:45.217 [main] INFO  e.h.j.direct.SAXVSMDirectSampler - @0.19444444444444445   58.333333333333336  52.77777777777778   2.777777777777778
15:43:45.539 [main] INFO  e.h.j.direct.SAXVSMDirectSampler - @0.25  58.333333333333336  37.22222222222222   2.777777777777778
15:43:46.035 [main] INFO  e.h.j.direct.SAXVSMDirectSampler - @0.5555555555555556    283.88888888888886  21.666666666666668  13.666666666666666
15:43:46.522 [main] INFO  e.h.j.direct.SAXVSMDirectSampler - @0.5277777777777778    219.4444444444444   21.666666666666668  13.666666666666666
15:43:47.147 [main] INFO  e.h.j.direct.SAXVSMDirectSampler - @0.5555555555555556    251.66666666666666  29.444444444444446  13.666666666666666
15:43:47.259 [main] INFO  e.h.j.direct.SAXVSMDirectSampler - @0.4722222222222222    251.66666666666666  13.888888888888891  13.666666666666666
15:43:47.745 [main] INFO  e.h.j.direct.SAXVSMDirectSampler - @0.3611111111111111    251.66666666666666  21.666666666666668  15.222222222222221
15:43:48.232 [main] INFO  e.h.j.direct.SAXVSMDirectSampler - @0.6111111111111112    251.66666666666666  21.666666666666668  12.111111111111109
15:43:48.232 [main] INFO  e.h.j.direct.SAXVSMDirectSampler - iteration: 18, minimal value 0.08333333333333333 at 91, 16, 3
15:43:48.487 [main] INFO  e.h.j.direct.SAXVSMDirectSampler - @0.1388888888888889    133.51851851851853  13.888888888888891  5.888888888888889
15:43:48.567 [main] INFO  e.h.j.direct.SAXVSMDirectSampler - @0.1111111111111111    112.03703703703704  13.888888888888891  5.888888888888889
15:43:48.827 [main] INFO  e.h.j.direct.SAXVSMDirectSampler - @0.1111111111111111    122.77777777777779  16.48148148148148   5.888888888888889
15:43:49.015 [main] INFO  e.h.j.direct.SAXVSMDirectSampler - @0.1111111111111111    122.77777777777779  11.296296296296298  5.888888888888889
15:43:49.397 [main] INFO  e.h.j.direct.SAXVSMDirectSampler - @0.2222222222222222    187.22222222222223  21.666666666666668  2.777777777777778
15:43:49.702 [main] INFO  e.h.j.direct.SAXVSMDirectSampler - @0.2222222222222222    122.77777777777779  21.666666666666668  2.777777777777778
15:43:50.454 [main] INFO  e.h.j.direct.SAXVSMDirectSampler - @0.3611111111111111    122.77777777777779  52.77777777777778   5.888888888888889
15:43:51.184 [main] INFO  e.h.j.direct.SAXVSMDirectSampler - @0.25  122.77777777777779  52.77777777777778   2.777777777777778
15:43:51.722 [main] INFO  e.h.j.direct.SAXVSMDirectSampler - @0.3055555555555556    187.22222222222223  29.444444444444446  5.888888888888889
15:43:52.225 [main] INFO  e.h.j.direct.SAXVSMDirectSampler - @0.19444444444444445   187.22222222222223  29.444444444444446  2.777777777777778
15:43:52.782 [main] INFO  e.h.j.direct.SAXVSMDirectSampler - @0.4166666666666667    219.4444444444444   29.444444444444446  5.888888888888889
15:43:53.314 [main] INFO  e.h.j.direct.SAXVSMDirectSampler - @0.2222222222222222    219.4444444444444   29.444444444444446  2.777777777777778
15:43:53.626 [main] INFO  e.h.j.direct.SAXVSMDirectSampler - @0.2222222222222222    90.55555555555556   21.666666666666668  10.555555555555557
15:43:53.928 [main] INFO  e.h.j.direct.SAXVSMDirectSampler - @0.25  90.55555555555556   21.666666666666668  7.444444444444445
15:43:55.075 [main] INFO  e.h.j.direct.SAXVSMDirectSampler - @0.6388888888888888    187.22222222222223  68.33333333333333   9.0
15:43:56.028 [main] INFO  e.h.j.direct.SAXVSMDirectSampler - @0.5277777777777778    122.77777777777779  68.33333333333333   9.0
15:43:57.221 [main] INFO  e.h.j.direct.SAXVSMDirectSampler - @0.6111111111111112    155.0   76.11111111111111   9.0
15:43:58.209 [main] INFO  e.h.j.direct.SAXVSMDirectSampler - @0.5277777777777778    155.0   60.55555555555555   9.0
15:43:59.282 [main] INFO  e.h.j.direct.SAXVSMDirectSampler - @0.6111111111111112    155.0   68.33333333333333   10.555555555555557
15:44:00.359 [main] INFO  e.h.j.direct.SAXVSMDirectSampler - @0.5   155.0   68.33333333333333   7.444444444444445
15:44:01.610 [main] INFO  e.h.j.direct.SAXVSMDirectSampler - @0.5277777777777778    283.88888888888886  68.33333333333333   4.333333333333334
15:44:02.831 [main] INFO  e.h.j.direct.SAXVSMDirectSampler - @0.4166666666666667    219.4444444444444   68.33333333333333   4.333333333333334
15:44:04.215 [main] INFO  e.h.j.direct.SAXVSMDirectSampler - @0.5277777777777778    251.66666666666666  76.11111111111111   4.333333333333334
15:44:05.337 [main] INFO  e.h.j.direct.SAXVSMDirectSampler - @0.5277777777777778    251.66666666666666  60.55555555555555   4.333333333333334
15:44:06.575 [main] INFO  e.h.j.direct.SAXVSMDirectSampler - @0.7222222222222222    251.66666666666666  68.33333333333333   5.888888888888889
15:44:07.820 [main] INFO  e.h.j.direct.SAXVSMDirectSampler - @0.4722222222222222    251.66666666666666  68.33333333333333   2.777777777777778
15:44:07.821 [main] INFO  e.h.j.direct.SAXVSMDirectSampler - iteration: 19, minimal value 0.08333333333333333 at 91, 16, 3
15:44:08.247 [main] INFO  e.h.j.direct.SAXVSMDirectSampler - @0.2777777777777778    133.51851851851853  29.444444444444446  2.777777777777778
15:44:08.636 [main] INFO  e.h.j.direct.SAXVSMDirectSampler - @0.19444444444444445   112.03703703703704  29.444444444444446  2.777777777777778
15:44:09.081 [main] INFO  e.h.j.direct.SAXVSMDirectSampler - @0.16666666666666666   122.77777777777779  32.03703703703704   2.777777777777778
15:44:09.459 [main] INFO  e.h.j.direct.SAXVSMDirectSampler - @0.1388888888888889    122.77777777777779  26.85185185185185   2.777777777777778
15:44:09.835 [main] INFO  e.h.j.direct.SAXVSMDirectSampler - @0.2222222222222222    122.77777777777779  29.444444444444446  2.2592592592592595
15:44:10.099 [main] INFO  e.h.j.direct.SAXVSMDirectSampler - @0.2222222222222222    230.18518518518513  13.888888888888891  2.777777777777778
15:44:10.355 [main] INFO  e.h.j.direct.SAXVSMDirectSampler - @0.2777777777777778    208.7037037037037   13.888888888888891  2.777777777777778
15:44:10.651 [main] INFO  e.h.j.direct.SAXVSMDirectSampler - @0.2222222222222222    219.4444444444444   16.48148148148148   2.777777777777778
15:44:10.856 [main] INFO  e.h.j.direct.SAXVSMDirectSampler - @0.3333333333333333    219.4444444444444   11.296296296296298  2.777777777777778
15:44:11.110 [main] INFO  e.h.j.direct.SAXVSMDirectSampler - @0.3333333333333333    219.4444444444444   13.888888888888891  2.2592592592592595
15:44:11.916 [main] INFO  e.h.j.direct.SAXVSMDirectSampler - @0.6388888888888888    187.22222222222223  45.0    13.666666666666666
15:44:12.584 [main] INFO  e.h.j.direct.SAXVSMDirectSampler - @0.6944444444444444    122.77777777777779  45.0    13.666666666666666
15:44:13.495 [main] INFO  e.h.j.direct.SAXVSMDirectSampler - @0.6944444444444444    155.0   52.77777777777778   13.666666666666666
15:44:14.167 [main] INFO  e.h.j.direct.SAXVSMDirectSampler - @0.5277777777777778    155.0   37.22222222222222   13.666666666666666
15:44:14.961 [main] INFO  e.h.j.direct.SAXVSMDirectSampler - @0.3888888888888889    155.0   45.0    15.222222222222221
15:44:15.730 [main] INFO  e.h.j.direct.SAXVSMDirectSampler - @0.5277777777777778    155.0   45.0    12.111111111111109
15:44:15.730 [main] INFO  e.h.j.direct.SAXVSMDirectSampler - min CV error 0.08333 reached at [91, 16, 3], [80, 16, 3], 
15:44:15.730 [main] INFO  e.h.j.direct.SAXVSMDirectSampler - running sampling for NOREDUCTION strategy...
15:44:16.481 [main] INFO  e.h.j.direct.SAXVSMDirectSampler - iteration: 0, minimal value 0.4444444444444444 at 155, 45, 9
15:44:17.323 [main] INFO  e.h.j.direct.SAXVSMDirectSampler - @0.6388888888888888    251.66666666666666  45.0    9.0
15:44:17.755 [main] INFO  e.h.j.direct.SAXVSMDirectSampler - @0.3333333333333333    58.333333333333336  45.0    9.0
15:44:18.886 [main] INFO  e.h.j.direct.SAXVSMDirectSampler - @0.5833333333333334    155.0   68.33333333333333   9.0
15:44:19.313 [main] INFO  e.h.j.direct.SAXVSMDirectSampler - @0.3055555555555556    155.0   21.666666666666668  9.0
15:44:20.072 [main] INFO  e.h.j.direct.SAXVSMDirectSampler - @0.6111111111111112    155.0   45.0    13.666666666666666
15:44:20.786 [main] INFO  e.h.j.direct.SAXVSMDirectSampler - @0.25  155.0   45.0    4.333333333333334
15:44:20.786 [main] INFO  e.h.j.direct.SAXVSMDirectSampler - iteration: 1, minimal value 0.25 at 155, 45, 4
15:44:21.639 [main] INFO  e.h.j.direct.SAXVSMDirectSampler - @0.4444444444444444    251.66666666666666  45.0    4.333333333333334
15:44:22.037 [main] INFO  e.h.j.direct.SAXVSMDirectSampler - @0.19444444444444445   58.333333333333336  45.0    4.333333333333334
15:44:23.093 [main] INFO  e.h.j.direct.SAXVSMDirectSampler - @0.4166666666666667    155.0   68.33333333333333   4.333333333333334
15:44:23.466 [main] INFO  e.h.j.direct.SAXVSMDirectSampler - @0.1388888888888889    155.0   21.666666666666668  4.333333333333334
15:44:23.466 [main] INFO  e.h.j.direct.SAXVSMDirectSampler - iteration: 2, minimal value 0.1388888888888889 at 155, 22, 4
15:44:23.893 [main] INFO  e.h.j.direct.SAXVSMDirectSampler - @0.25  251.66666666666666  21.666666666666668  4.333333333333334
15:44:24.100 [main] INFO  e.h.j.direct.SAXVSMDirectSampler - @0.2222222222222222    58.333333333333336  21.666666666666668  4.333333333333334
15:44:24.960 [main] INFO  e.h.j.direct.SAXVSMDirectSampler - @0.75  251.66666666666666  45.0    13.666666666666666
15:44:25.427 [main] INFO  e.h.j.direct.SAXVSMDirectSampler - @0.4722222222222222    58.333333333333336  45.0    13.666666666666666
15:44:26.560 [main] INFO  e.h.j.direct.SAXVSMDirectSampler - @0.6388888888888888    155.0   68.33333333333333   13.666666666666666
15:44:27.006 [main] INFO  e.h.j.direct.SAXVSMDirectSampler - @0.3611111111111111    155.0   21.666666666666668  13.666666666666666
15:44:27.007 [main] INFO  e.h.j.direct.SAXVSMDirectSampler - iteration: 3, minimal value 0.1388888888888889 at 155, 22, 4
15:44:27.422 [main] INFO  e.h.j.direct.SAXVSMDirectSampler - @0.16666666666666666   187.22222222222223  21.666666666666668  4.333333333333334
15:44:27.751 [main] INFO  e.h.j.direct.SAXVSMDirectSampler - @0.16666666666666666   122.77777777777779  21.666666666666668  4.333333333333334
15:44:28.232 [main] INFO  e.h.j.direct.SAXVSMDirectSampler - @0.19444444444444445   155.0   29.444444444444446  4.333333333333334
15:44:28.468 [main] INFO  e.h.j.direct.SAXVSMDirectSampler - @0.16666666666666666   155.0   13.888888888888891  4.333333333333334
15:44:28.858 [main] INFO  e.h.j.direct.SAXVSMDirectSampler - @0.16666666666666666   155.0   21.666666666666668  5.888888888888889
15:44:29.207 [main] INFO  e.h.j.direct.SAXVSMDirectSampler - @0.19444444444444445   155.0   21.666666666666668  2.777777777777778
15:44:29.669 [main] INFO  e.h.j.direct.SAXVSMDirectSampler - @0.4166666666666667    251.66666666666666  21.666666666666668  9.0
15:44:29.915 [main] INFO  e.h.j.direct.SAXVSMDirectSampler - @0.2777777777777778    58.333333333333336  21.666666666666668  9.0
15:44:29.915 [main] INFO  e.h.j.direct.SAXVSMDirectSampler - iteration: 4, minimal value 0.1388888888888889 at 155, 22, 4
15:44:30.298 [main] INFO  e.h.j.direct.SAXVSMDirectSampler - @0.1111111111111111    165.74074074074073  21.666666666666668  4.333333333333334
15:44:30.661 [main] INFO  e.h.j.direct.SAXVSMDirectSampler - @0.16666666666666666   144.25925925925927  21.666666666666668  4.333333333333334
15:44:31.070 [main] INFO  e.h.j.direct.SAXVSMDirectSampler - @0.1388888888888889    155.0   24.25925925925926   4.333333333333334
15:44:31.397 [main] INFO  e.h.j.direct.SAXVSMDirectSampler - @0.1388888888888889    155.0   19.074074074074076  4.333333333333334
15:44:31.791 [main] INFO  e.h.j.direct.SAXVSMDirectSampler - @0.16666666666666666   155.0   21.666666666666668  4.851851851851852
15:44:32.231 [main] INFO  e.h.j.direct.SAXVSMDirectSampler - @0.19444444444444445   122.77777777777779  29.444444444444446  4.333333333333334
15:44:32.448 [main] INFO  e.h.j.direct.SAXVSMDirectSampler - @0.1111111111111111    122.77777777777779  13.888888888888891  4.333333333333334
15:44:32.801 [main] INFO  e.h.j.direct.SAXVSMDirectSampler - @0.1111111111111111    122.77777777777779  21.666666666666668  5.888888888888889
15:44:33.133 [main] INFO  e.h.j.direct.SAXVSMDirectSampler - @0.19444444444444445   122.77777777777779  21.666666666666668  2.777777777777778
15:44:33.666 [main] INFO  e.h.j.direct.SAXVSMDirectSampler - @0.2777777777777778    90.55555555555556   45.0    4.333333333333334
15:44:33.666 [main] INFO  e.h.j.direct.SAXVSMDirectSampler - @1.0   26.111111111111118  45.0    4.333333333333334
15:44:34.110 [main] INFO  e.h.j.direct.SAXVSMDirectSampler - @0.2222222222222222    58.333333333333336  52.77777777777778   4.333333333333334
15:44:34.437 [main] INFO  e.h.j.direct.SAXVSMDirectSampler - @0.2222222222222222    58.333333333333336  37.22222222222222   4.333333333333334
15:44:34.849 [main] INFO  e.h.j.direct.SAXVSMDirectSampler - @0.3611111111111111    58.333333333333336  45.0    5.888888888888889
15:44:35.218 [main] INFO  e.h.j.direct.SAXVSMDirectSampler - @0.16666666666666666   58.333333333333336  45.0    2.777777777777778
15:44:35.696 [main] INFO  e.h.j.direct.SAXVSMDirectSampler - @0.5   251.66666666666666  21.666666666666668  13.666666666666666
15:44:35.950 [main] INFO  e.h.j.direct.SAXVSMDirectSampler - @0.25  58.333333333333336  21.666666666666668  13.666666666666666
15:44:35.950 [main] INFO  e.h.j.direct.SAXVSMDirectSampler - iteration: 5, minimal value 0.1111111111111111 at 166, 22, 4
15:44:36.209 [main] INFO  e.h.j.direct.SAXVSMDirectSampler - @0.1388888888888889    122.77777777777779  13.888888888888891  5.888888888888889
15:44:36.422 [main] INFO  e.h.j.direct.SAXVSMDirectSampler - @0.19444444444444445   122.77777777777779  13.888888888888891  2.777777777777778
15:44:37.753 [main] INFO  e.h.j.direct.SAXVSMDirectSampler - @0.5277777777777778    251.66666666666666  68.33333333333333   4.333333333333334
15:44:37.753 [main] INFO  e.h.j.direct.SAXVSMDirectSampler - @1.0   58.333333333333336  68.33333333333333   4.333333333333334
15:44:37.753 [main] INFO  e.h.j.direct.SAXVSMDirectSampler - iteration: 6, minimal value 0.1111111111111111 at 166, 22, 4
15:44:37.990 [main] INFO  e.h.j.direct.SAXVSMDirectSampler - @0.2222222222222222    133.51851851851853  13.888888888888891  4.333333333333334
15:44:38.054 [main] INFO  e.h.j.direct.SAXVSMDirectSampler - @0.1388888888888889    112.03703703703704  13.888888888888891  4.333333333333334
15:44:38.312 [main] INFO  e.h.j.direct.SAXVSMDirectSampler - @0.16666666666666666   122.77777777777779  16.48148148148148   4.333333333333334
15:44:38.489 [main] INFO  e.h.j.direct.SAXVSMDirectSampler - @0.2222222222222222    122.77777777777779  11.296296296296298  4.333333333333334
15:44:38.729 [main] INFO  e.h.j.direct.SAXVSMDirectSampler - @0.1388888888888889    122.77777777777779  13.888888888888891  4.851851851851852
15:44:39.128 [main] INFO  e.h.j.direct.SAXVSMDirectSampler - @0.1388888888888889    133.51851851851853  21.666666666666668  5.888888888888889
15:44:39.483 [main] INFO  e.h.j.direct.SAXVSMDirectSampler - @0.19444444444444445   112.03703703703704  21.666666666666668  5.888888888888889
15:44:39.882 [main] INFO  e.h.j.direct.SAXVSMDirectSampler - @0.1388888888888889    122.77777777777779  24.25925925925926   5.888888888888889
15:44:40.213 [main] INFO  e.h.j.direct.SAXVSMDirectSampler - @0.1111111111111111    122.77777777777779  19.074074074074076  5.888888888888889
15:44:40.573 [main] INFO  e.h.j.direct.SAXVSMDirectSampler - @0.19444444444444445   122.77777777777779  21.666666666666668  5.37037037037037
15:44:41.092 [main] INFO  e.h.j.direct.SAXVSMDirectSampler - @0.19444444444444445   187.22222222222223  29.444444444444446  4.333333333333334
15:44:41.352 [main] INFO  e.h.j.direct.SAXVSMDirectSampler - @0.1388888888888889    187.22222222222223  13.888888888888891  4.333333333333334
15:44:41.775 [main] INFO  e.h.j.direct.SAXVSMDirectSampler - @0.2777777777777778    187.22222222222223  21.666666666666668  5.888888888888889
15:44:42.162 [main] INFO  e.h.j.direct.SAXVSMDirectSampler - @0.25  187.22222222222223  21.666666666666668  2.777777777777778
15:44:42.679 [main] INFO  e.h.j.direct.SAXVSMDirectSampler - @0.25  90.55555555555556   45.0    2.777777777777778
15:44:42.679 [main] INFO  e.h.j.direct.SAXVSMDirectSampler - @1.0   26.111111111111118  45.0    2.777777777777778
15:44:43.096 [main] INFO  e.h.j.direct.SAXVSMDirectSampler - @0.19444444444444445   58.333333333333336  52.77777777777778   2.777777777777778
15:44:43.403 [main] INFO  e.h.j.direct.SAXVSMDirectSampler - @0.2222222222222222    58.333333333333336  37.22222222222222   2.777777777777778
15:44:43.692 [main] INFO  e.h.j.direct.SAXVSMDirectSampler - @0.2222222222222222    90.55555555555556   21.666666666666668  4.333333333333334
15:44:43.803 [main] INFO  e.h.j.direct.SAXVSMDirectSampler - @0.3888888888888889    26.111111111111118  21.666666666666668  4.333333333333334
15:44:43.883 [main] INFO  e.h.j.direct.SAXVSMDirectSampler - @0.19444444444444445   58.333333333333336  29.444444444444446  4.333333333333334
15:44:44.023 [main] INFO  e.h.j.direct.SAXVSMDirectSampler - @0.25  58.333333333333336  13.888888888888891  4.333333333333334
15:44:44.261 [main] INFO  e.h.j.direct.SAXVSMDirectSampler - @0.25  58.333333333333336  21.666666666666668  5.888888888888889
15:44:44.459 [main] INFO  e.h.j.direct.SAXVSMDirectSampler - @0.16666666666666666   58.333333333333336  21.666666666666668  2.777777777777778
15:44:45.786 [main] INFO  e.h.j.direct.SAXVSMDirectSampler - @0.6944444444444444    251.66666666666666  68.33333333333333   9.0
15:44:45.786 [main] INFO  e.h.j.direct.SAXVSMDirectSampler - @1.0   58.333333333333336  68.33333333333333   9.0
15:44:45.786 [main] INFO  e.h.j.direct.SAXVSMDirectSampler - iteration: 7, minimal value 0.1111111111111111 at 166, 22, 4
15:44:46.209 [main] INFO  e.h.j.direct.SAXVSMDirectSampler - @0.1111111111111111    165.74074074074073  24.25925925925926   4.333333333333334
15:44:46.558 [main] INFO  e.h.j.direct.SAXVSMDirectSampler - @0.1111111111111111    165.74074074074073  19.074074074074076  4.333333333333334
15:44:46.962 [main] INFO  e.h.j.direct.SAXVSMDirectSampler - @0.1388888888888889    165.74074074074073  21.666666666666668  4.851851851851852
15:44:47.241 [main] INFO  e.h.j.direct.SAXVSMDirectSampler - @0.1111111111111111    187.22222222222223  13.888888888888891  5.888888888888889
15:44:47.488 [main] INFO  e.h.j.direct.SAXVSMDirectSampler - @0.2777777777777778    187.22222222222223  13.888888888888891  2.777777777777778
15:44:47.742 [main] INFO  e.h.j.direct.SAXVSMDirectSampler - @0.19444444444444445   90.55555555555556   21.666666666666668  2.777777777777778
15:44:47.833 [main] INFO  e.h.j.direct.SAXVSMDirectSampler - @0.3611111111111111    26.111111111111118  21.666666666666668  2.777777777777778
15:44:47.900 [main] INFO  e.h.j.direct.SAXVSMDirectSampler - @0.2222222222222222    58.333333333333336  29.444444444444446  2.777777777777778
15:44:48.017 [main] INFO  e.h.j.direct.SAXVSMDirectSampler - @0.16666666666666666   58.333333333333336  13.888888888888891  2.777777777777778
15:44:49.261 [main] INFO  e.h.j.direct.SAXVSMDirectSampler - @0.8333333333333334    251.66666666666666  68.33333333333333   13.666666666666666
15:44:49.261 [main] INFO  e.h.j.direct.SAXVSMDirectSampler - @1.0   58.333333333333336  68.33333333333333   13.666666666666666
15:44:49.262 [main] INFO  e.h.j.direct.SAXVSMDirectSampler - iteration: 8, minimal value 0.1111111111111111 at 166, 22, 4
15:44:49.541 [main] INFO  e.h.j.direct.SAXVSMDirectSampler - @0.25  197.96296296296296  13.888888888888891  5.888888888888889
15:44:49.811 [main] INFO  e.h.j.direct.SAXVSMDirectSampler - @0.2222222222222222    176.48148148148152  13.888888888888891  5.888888888888889
15:44:50.125 [main] INFO  e.h.j.direct.SAXVSMDirectSampler - @0.16666666666666666   187.22222222222223  16.48148148148148   5.888888888888889
15:44:50.200 [main] INFO  e.h.j.direct.SAXVSMDirectSampler - @0.25  187.22222222222223  11.296296296296298  5.888888888888889
15:44:50.474 [main] INFO  e.h.j.direct.SAXVSMDirectSampler - @0.19444444444444445   187.22222222222223  13.888888888888891  5.37037037037037
15:44:50.731 [main] INFO  e.h.j.direct.SAXVSMDirectSampler - @0.1111111111111111    155.0   13.888888888888891  5.888888888888889
15:44:50.959 [main] INFO  e.h.j.direct.SAXVSMDirectSampler - @0.2777777777777778    155.0   13.888888888888891  2.777777777777778
15:44:51.126 [main] INFO  e.h.j.direct.SAXVSMDirectSampler - @0.08333333333333333   90.55555555555556   13.888888888888891  2.777777777777778
15:44:51.186 [main] INFO  e.h.j.direct.SAXVSMDirectSampler - @0.3888888888888889    26.111111111111118  13.888888888888891  2.777777777777778
15:44:51.526 [main] INFO  e.h.j.direct.SAXVSMDirectSampler - @0.2222222222222222    90.55555555555556   21.666666666666668  13.666666666666666
15:44:51.703 [main] INFO  e.h.j.direct.SAXVSMDirectSampler - @0.5   26.111111111111118  21.666666666666668  13.666666666666666
15:44:51.838 [main] INFO  e.h.j.direct.SAXVSMDirectSampler - @0.3611111111111111    58.333333333333336  29.444444444444446  13.666666666666666
15:44:52.031 [main] INFO  e.h.j.direct.SAXVSMDirectSampler - @0.25  58.333333333333336  13.888888888888891  13.666666666666666
15:44:52.306 [main] INFO  e.h.j.direct.SAXVSMDirectSampler - @0.3333333333333333    58.333333333333336  21.666666666666668  15.222222222222221
15:44:52.580 [main] INFO  e.h.j.direct.SAXVSMDirectSampler - @0.2777777777777778    58.333333333333336  21.666666666666668  12.111111111111109
15:44:52.580 [main] INFO  e.h.j.direct.SAXVSMDirectSampler - iteration: 9, minimal value 0.08333333333333333 at 91, 14, 3
15:44:52.766 [main] INFO  e.h.j.direct.SAXVSMDirectSampler - @0.1388888888888889    101.2962962962963   13.888888888888891  2.777777777777778
15:44:52.926 [main] INFO  e.h.j.direct.SAXVSMDirectSampler - @0.1111111111111111    79.81481481481482   13.888888888888891  2.777777777777778
15:44:53.129 [main] INFO  e.h.j.direct.SAXVSMDirectSampler - @0.16666666666666666   90.55555555555556   16.48148148148148   2.777777777777778
15:44:53.266 [main] INFO  e.h.j.direct.SAXVSMDirectSampler - @0.16666666666666666   90.55555555555556   11.296296296296298  2.777777777777778
15:44:53.421 [main] INFO  e.h.j.direct.SAXVSMDirectSampler - @0.25  90.55555555555556   13.888888888888891  2.2592592592592595
15:44:54.204 [main] INFO  e.h.j.direct.SAXVSMDirectSampler - @0.25  187.22222222222223  45.0    4.333333333333334
15:44:54.850 [main] INFO  e.h.j.direct.SAXVSMDirectSampler - @0.2222222222222222    122.77777777777779  45.0    4.333333333333334
15:44:55.707 [main] INFO  e.h.j.direct.SAXVSMDirectSampler - @0.25  155.0   52.77777777777778   4.333333333333334
15:44:56.351 [main] INFO  e.h.j.direct.SAXVSMDirectSampler - @0.19444444444444445   155.0   37.22222222222222   4.333333333333334
15:44:57.135 [main] INFO  e.h.j.direct.SAXVSMDirectSampler - @0.3055555555555556    155.0   45.0    5.888888888888889
15:44:57.874 [main] INFO  e.h.j.direct.SAXVSMDirectSampler - @0.19444444444444445   155.0   45.0    2.777777777777778
15:44:57.874 [main] INFO  e.h.j.direct.SAXVSMDirectSampler - iteration: 10, minimal value 0.08333333333333333 at 91, 14, 3
15:44:58.541 [main] INFO  e.h.j.direct.SAXVSMDirectSampler - @0.19444444444444445   187.22222222222223  37.22222222222222   4.333333333333334
15:44:59.086 [main] INFO  e.h.j.direct.SAXVSMDirectSampler - @0.19444444444444445   122.77777777777779  37.22222222222222   4.333333333333334
15:44:59.707 [main] INFO  e.h.j.direct.SAXVSMDirectSampler - @0.2777777777777778    155.0   37.22222222222222   5.888888888888889
15:45:00.286 [main] INFO  e.h.j.direct.SAXVSMDirectSampler - @0.19444444444444445   155.0   37.22222222222222   2.777777777777778
15:45:00.714 [main] INFO  e.h.j.direct.SAXVSMDirectSampler - @0.2777777777777778    283.88888888888886  21.666666666666668  4.333333333333334
15:45:01.154 [main] INFO  e.h.j.direct.SAXVSMDirectSampler - @0.2222222222222222    219.4444444444444   21.666666666666668  4.333333333333334
15:45:01.754 [main] INFO  e.h.j.direct.SAXVSMDirectSampler - @0.3611111111111111    251.66666666666666  29.444444444444446  4.333333333333334
15:45:01.823 [main] INFO  e.h.j.direct.SAXVSMDirectSampler - @0.16666666666666666   251.66666666666666  13.888888888888891  4.333333333333334
15:45:02.291 [main] INFO  e.h.j.direct.SAXVSMDirectSampler - @0.4722222222222222    251.66666666666666  21.666666666666668  5.888888888888889
15:45:02.730 [main] INFO  e.h.j.direct.SAXVSMDirectSampler - @0.2777777777777778    251.66666666666666  21.666666666666668  2.777777777777778
15:45:02.731 [main] INFO  e.h.j.direct.SAXVSMDirectSampler - iteration: 11, minimal value 0.08333333333333333 at 91, 14, 3
15:45:02.914 [main] INFO  e.h.j.direct.SAXVSMDirectSampler - @0.1111111111111111    94.13580246913581   13.888888888888891  2.777777777777778
15:45:03.085 [main] INFO  e.h.j.direct.SAXVSMDirectSampler - @0.1388888888888889    86.97530864197532   13.888888888888891  2.777777777777778
15:45:03.272 [main] INFO  e.h.j.direct.SAXVSMDirectSampler - @0.1388888888888889    90.55555555555556   14.753086419753089  2.777777777777778
15:45:03.317 [main] INFO  e.h.j.direct.SAXVSMDirectSampler - @0.1111111111111111    90.55555555555556   13.024691358024693  2.777777777777778
15:45:03.661 [main] INFO  e.h.j.direct.SAXVSMDirectSampler - @0.1388888888888889    133.51851851851853  19.074074074074076  5.888888888888889
15:45:03.973 [main] INFO  e.h.j.direct.SAXVSMDirectSampler - @0.1388888888888889    112.03703703703704  19.074074074074076  5.888888888888889
15:45:04.292 [main] INFO  e.h.j.direct.SAXVSMDirectSampler - @0.19444444444444445   122.77777777777779  19.074074074074076  5.37037037037037
15:45:04.574 [main] INFO  e.h.j.direct.SAXVSMDirectSampler - @0.16666666666666666   165.74074074074073  13.888888888888891  5.888888888888889
15:45:04.838 [main] INFO  e.h.j.direct.SAXVSMDirectSampler - @0.08333333333333333   144.25925925925927  13.888888888888891  5.888888888888889
15:45:05.150 [main] INFO  e.h.j.direct.SAXVSMDirectSampler - @0.1388888888888889    155.0   16.48148148148148   5.888888888888889
15:45:05.369 [main] INFO  e.h.j.direct.SAXVSMDirectSampler - @0.16666666666666666   155.0   11.296296296296298  5.888888888888889
15:45:05.635 [main] INFO  e.h.j.direct.SAXVSMDirectSampler - @0.1111111111111111    155.0   13.888888888888891  5.37037037037037
15:45:06.135 [main] INFO  e.h.j.direct.SAXVSMDirectSampler - @0.16666666666666666   155.0   29.444444444444446  5.888888888888889
15:45:06.594 [main] INFO  e.h.j.direct.SAXVSMDirectSampler - @0.16666666666666666   155.0   29.444444444444446  2.777777777777778
15:45:07.147 [main] INFO  e.h.j.direct.SAXVSMDirectSampler - @0.25  122.77777777777779  37.22222222222222   5.888888888888889
15:45:07.657 [main] INFO  e.h.j.direct.SAXVSMDirectSampler - @0.2222222222222222    122.77777777777779  37.22222222222222   2.777777777777778
15:45:07.935 [main] INFO  e.h.j.direct.SAXVSMDirectSampler - @0.16666666666666666   283.88888888888886  13.888888888888891  4.333333333333334
15:45:08.240 [main] INFO  e.h.j.direct.SAXVSMDirectSampler - @0.2222222222222222    219.4444444444444   13.888888888888891  4.333333333333334
15:45:08.325 [main] INFO  e.h.j.direct.SAXVSMDirectSampler - @0.3055555555555556    251.66666666666666  13.888888888888891  5.888888888888889
15:45:08.384 [main] INFO  e.h.j.direct.SAXVSMDirectSampler - @0.2222222222222222    251.66666666666666  13.888888888888891  2.777777777777778
15:45:08.719 [main] INFO  e.h.j.direct.SAXVSMDirectSampler - @0.2222222222222222    90.55555555555556   21.666666666666668  9.0
15:45:08.886 [main] INFO  e.h.j.direct.SAXVSMDirectSampler - @0.5555555555555556    26.111111111111118  21.666666666666668  9.0
15:45:09.007 [main] INFO  e.h.j.direct.SAXVSMDirectSampler - @0.2777777777777778    58.333333333333336  29.444444444444446  9.0
15:45:09.188 [main] INFO  e.h.j.direct.SAXVSMDirectSampler - @0.16666666666666666   58.333333333333336  13.888888888888891  9.0
15:45:09.452 [main] INFO  e.h.j.direct.SAXVSMDirectSampler - @0.3333333333333333    58.333333333333336  21.666666666666668  10.555555555555557
15:45:09.705 [main] INFO  e.h.j.direct.SAXVSMDirectSampler - @0.25  58.333333333333336  21.666666666666668  7.444444444444445
15:45:09.705 [main] INFO  e.h.j.direct.SAXVSMDirectSampler - iteration: 12, minimal value 0.08333333333333333 at 91, 14, 3
15:45:10.171 [main] INFO  e.h.j.direct.SAXVSMDirectSampler - @0.3055555555555556    187.22222222222223  21.666666666666668  9.0
15:45:10.543 [main] INFO  e.h.j.direct.SAXVSMDirectSampler - @0.19444444444444445   122.77777777777779  21.666666666666668  9.0
15:45:11.060 [main] INFO  e.h.j.direct.SAXVSMDirectSampler - @0.3888888888888889    155.0   29.444444444444446  9.0
15:45:11.351 [main] INFO  e.h.j.direct.SAXVSMDirectSampler - @0.19444444444444445   155.0   13.888888888888891  9.0
15:45:11.791 [main] INFO  e.h.j.direct.SAXVSMDirectSampler - @0.3888888888888889    155.0   21.666666666666668  10.555555555555557
15:45:12.223 [main] INFO  e.h.j.direct.SAXVSMDirectSampler - @0.1388888888888889    155.0   21.666666666666668  7.444444444444445
15:45:12.224 [main] INFO  e.h.j.direct.SAXVSMDirectSampler - iteration: 13, minimal value 0.08333333333333333 at 91, 14, 3
15:45:12.806 [main] INFO  e.h.j.direct.SAXVSMDirectSampler - @0.3055555555555556    90.55555555555556   45.0    9.0
15:45:12.806 [main] INFO  e.h.j.direct.SAXVSMDirectSampler - @1.0   26.111111111111118  45.0    9.0
15:45:13.334 [main] INFO  e.h.j.direct.SAXVSMDirectSampler - @0.3611111111111111    58.333333333333336  52.77777777777778   9.0
15:45:13.726 [main] INFO  e.h.j.direct.SAXVSMDirectSampler - @0.3611111111111111    58.333333333333336  37.22222222222222   9.0
15:45:14.189 [main] INFO  e.h.j.direct.SAXVSMDirectSampler - @0.5277777777777778    58.333333333333336  45.0    10.555555555555557
15:45:14.628 [main] INFO  e.h.j.direct.SAXVSMDirectSampler - @0.4444444444444444    58.333333333333336  45.0    7.444444444444445
15:45:14.629 [main] INFO  e.h.j.direct.SAXVSMDirectSampler - iteration: 14, minimal value 0.08333333333333333 at 91, 14, 3
15:45:15.092 [main] INFO  e.h.j.direct.SAXVSMDirectSampler - @0.4444444444444444    187.22222222222223  21.666666666666668  13.666666666666666
15:45:15.475 [main] INFO  e.h.j.direct.SAXVSMDirectSampler - @0.3611111111111111    122.77777777777779  21.666666666666668  13.666666666666666
15:45:15.994 [main] INFO  e.h.j.direct.SAXVSMDirectSampler - @0.4722222222222222    155.0   29.444444444444446  13.666666666666666
15:45:16.287 [main] INFO  e.h.j.direct.SAXVSMDirectSampler - @0.3055555555555556    155.0   13.888888888888891  13.666666666666666
15:45:16.701 [main] INFO  e.h.j.direct.SAXVSMDirectSampler - @0.19444444444444445   155.0   21.666666666666668  15.222222222222221
15:45:17.117 [main] INFO  e.h.j.direct.SAXVSMDirectSampler - @0.3055555555555556    155.0   21.666666666666668  12.111111111111109
15:45:17.117 [main] INFO  e.h.j.direct.SAXVSMDirectSampler - iteration: 15, minimal value 0.08333333333333333 at 91, 14, 3
15:45:18.274 [main] INFO  e.h.j.direct.SAXVSMDirectSampler - @0.3888888888888889    187.22222222222223  68.33333333333333   4.333333333333334
15:45:19.214 [main] INFO  e.h.j.direct.SAXVSMDirectSampler - @0.3055555555555556    122.77777777777779  68.33333333333333   4.333333333333334
15:45:20.374 [main] INFO  e.h.j.direct.SAXVSMDirectSampler - @0.4722222222222222    155.0   76.11111111111111   4.333333333333334
15:45:21.321 [main] INFO  e.h.j.direct.SAXVSMDirectSampler - @0.3333333333333333    155.0   60.55555555555555   4.333333333333334
15:45:22.380 [main] INFO  e.h.j.direct.SAXVSMDirectSampler - @0.4722222222222222    155.0   68.33333333333333   5.888888888888889
15:45:23.421 [main] INFO  e.h.j.direct.SAXVSMDirectSampler - @0.25  155.0   68.33333333333333   2.777777777777778
15:45:23.879 [main] INFO  e.h.j.direct.SAXVSMDirectSampler - @0.5555555555555556    283.88888888888886  21.666666666666668  9.0
15:45:24.336 [main] INFO  e.h.j.direct.SAXVSMDirectSampler - @0.3888888888888889    219.4444444444444   21.666666666666668  9.0
15:45:24.924 [main] INFO  e.h.j.direct.SAXVSMDirectSampler - @0.4722222222222222    251.66666666666666  29.444444444444446  9.0
15:45:25.017 [main] INFO  e.h.j.direct.SAXVSMDirectSampler - @0.3333333333333333    251.66666666666666  13.888888888888891  9.0
15:45:25.485 [main] INFO  e.h.j.direct.SAXVSMDirectSampler - @0.2222222222222222    251.66666666666666  21.666666666666668  10.555555555555557
15:45:25.940 [main] INFO  e.h.j.direct.SAXVSMDirectSampler - @0.3888888888888889    251.66666666666666  21.666666666666668  7.444444444444445
15:45:25.940 [main] INFO  e.h.j.direct.SAXVSMDirectSampler - iteration: 16, minimal value 0.08333333333333333 at 91, 14, 3
15:45:26.747 [main] INFO  e.h.j.direct.SAXVSMDirectSampler - @0.5   187.22222222222223  45.0    9.0
15:45:27.413 [main] INFO  e.h.j.direct.SAXVSMDirectSampler - @0.3333333333333333    122.77777777777779  45.0    9.0
15:45:28.271 [main] INFO  e.h.j.direct.SAXVSMDirectSampler - @0.5   155.0   52.77777777777778   9.0
15:45:28.904 [main] INFO  e.h.j.direct.SAXVSMDirectSampler - @0.3888888888888889    155.0   37.22222222222222   9.0
15:45:29.655 [main] INFO  e.h.j.direct.SAXVSMDirectSampler - @0.5277777777777778    155.0   45.0    10.555555555555557
15:45:30.396 [main] INFO  e.h.j.direct.SAXVSMDirectSampler - @0.4444444444444444    155.0   45.0    7.444444444444445
15:45:31.220 [main] INFO  e.h.j.direct.SAXVSMDirectSampler - @0.5277777777777778    283.88888888888886  45.0    4.333333333333334
15:45:32.047 [main] INFO  e.h.j.direct.SAXVSMDirectSampler - @0.3888888888888889    219.4444444444444   45.0    4.333333333333334
15:45:33.105 [main] INFO  e.h.j.direct.SAXVSMDirectSampler - @0.5   251.66666666666666  52.77777777777778   4.333333333333334
15:45:33.843 [main] INFO  e.h.j.direct.SAXVSMDirectSampler - @0.3611111111111111    251.66666666666666  37.22222222222222   4.333333333333334
15:45:34.707 [main] INFO  e.h.j.direct.SAXVSMDirectSampler - @0.5833333333333334    251.66666666666666  45.0    5.888888888888889
15:45:35.533 [main] INFO  e.h.j.direct.SAXVSMDirectSampler - @0.3333333333333333    251.66666666666666  45.0    2.777777777777778
15:45:35.533 [main] INFO  e.h.j.direct.SAXVSMDirectSampler - iteration: 17, minimal value 0.08333333333333333 at 91, 14, 3
15:45:36.118 [main] INFO  e.h.j.direct.SAXVSMDirectSampler - @0.5   90.55555555555556   45.0    13.666666666666666
15:45:36.118 [main] INFO  e.h.j.direct.SAXVSMDirectSampler - @1.0   26.111111111111118  45.0    13.666666666666666
15:45:36.647 [main] INFO  e.h.j.direct.SAXVSMDirectSampler - @0.4166666666666667    58.333333333333336  52.77777777777778   13.666666666666666
15:45:37.060 [main] INFO  e.h.j.direct.SAXVSMDirectSampler - @0.4444444444444444    58.333333333333336  37.22222222222222   13.666666666666666
15:45:37.537 [main] INFO  e.h.j.direct.SAXVSMDirectSampler - @0.4166666666666667    58.333333333333336  45.0    15.222222222222221
15:45:38.021 [main] INFO  e.h.j.direct.SAXVSMDirectSampler - @0.5   58.333333333333336  45.0    12.111111111111109
15:45:38.022 [main] INFO  e.h.j.direct.SAXVSMDirectSampler - iteration: 18, minimal value 0.08333333333333333 at 91, 14, 3
15:45:38.490 [main] INFO  e.h.j.direct.SAXVSMDirectSampler - @0.5833333333333334    283.88888888888886  21.666666666666668  13.666666666666666
15:45:38.972 [main] INFO  e.h.j.direct.SAXVSMDirectSampler - @0.5277777777777778    219.4444444444444   21.666666666666668  13.666666666666666
15:45:39.573 [main] INFO  e.h.j.direct.SAXVSMDirectSampler - @0.5555555555555556    251.66666666666666  29.444444444444446  13.666666666666666
15:45:39.689 [main] INFO  e.h.j.direct.SAXVSMDirectSampler - @0.4722222222222222    251.66666666666666  13.888888888888891  13.666666666666666
15:45:40.182 [main] INFO  e.h.j.direct.SAXVSMDirectSampler - @0.3611111111111111    251.66666666666666  21.666666666666668  15.222222222222221
15:45:40.673 [main] INFO  e.h.j.direct.SAXVSMDirectSampler - @0.6388888888888888    251.66666666666666  21.666666666666668  12.111111111111109
15:45:40.674 [main] INFO  e.h.j.direct.SAXVSMDirectSampler - iteration: 19, minimal value 0.08333333333333333 at 91, 14, 3
15:45:41.969 [main] INFO  e.h.j.direct.SAXVSMDirectSampler - @0.5277777777777778    283.88888888888886  68.33333333333333   4.333333333333334
15:45:43.259 [main] INFO  e.h.j.direct.SAXVSMDirectSampler - @0.4722222222222222    219.4444444444444   68.33333333333333   4.333333333333334
15:45:44.715 [main] INFO  e.h.j.direct.SAXVSMDirectSampler - @0.5277777777777778    251.66666666666666  76.11111111111111   4.333333333333334
15:45:45.897 [main] INFO  e.h.j.direct.SAXVSMDirectSampler - @0.5277777777777778    251.66666666666666  60.55555555555555   4.333333333333334
15:45:47.210 [main] INFO  e.h.j.direct.SAXVSMDirectSampler - @0.7222222222222222    251.66666666666666  68.33333333333333   5.888888888888889
15:45:48.547 [main] INFO  e.h.j.direct.SAXVSMDirectSampler - @0.4444444444444444    251.66666666666666  68.33333333333333   2.777777777777778
15:45:48.548 [main] INFO  e.h.j.direct.SAXVSMDirectSampler - min CV error 0.08333 reached at [91, 14, 3], 
15:45:50.744 [main] INFO  e.h.j.direct.SAXVSMDirectSampler - classification results: CLASSIC, window 123, PAA 22, alphabet 3,  accuracy 0.43429,  error 0.56571
15:45:51.070 [main] INFO  e.h.j.direct.SAXVSMDirectSampler - classification results: EXACT, window 80, PAA 16, alphabet 3,  accuracy 0.66857,  error 0.33143
15:45:52.227 [main] INFO  e.h.j.direct.SAXVSMDirectSampler - classification results: NOREDUCTION, window 91, PAA 14, alphabet 3,  accuracy 0.46857,  error 0.53143
